{"/Users/bubblegum/project/boundary-condition/src/app.controller.ts": {"path":"/Users/bubblegum/project/boundary-condition/src/app.controller.ts","statementMap":{"0":{"start":{"line":1,"column":0},"end":{"line":1,"column":66}},"1":{"start":{"line":2,"column":0},"end":{"line":2,"column":43}},"2":{"start":{"line":3,"column":0},"end":{"line":3,"column":58}},"3":{"start":{"line":7,"column":7},"end":{"line":9,"column":null}},"4":{"start":{"line":8,"column":31},"end":{"line":8,"column":43}},"5":{"start":{"line":7,"column":13},"end":{"line":7,"column":26}},"6":{"start":{"line":7,"column":13},"end":{"line":9,"column":null}}},"fnMap":{"0":{"name":"(anonymous_2)","decl":{"start":{"line":8,"column":2},"end":{"line":8,"column":31}},"loc":{"start":{"line":8,"column":53},"end":{"line":8,"column":57}}}},"branchMap":{},"s":{"0":0,"1":0,"2":0,"3":0,"4":0,"5":0,"6":0},"f":{"0":0},"b":{}}
,"/Users/bubblegum/project/boundary-condition/src/app.module.ts": {"path":"/Users/bubblegum/project/boundary-condition/src/app.module.ts","statementMap":{"0":{"start":{"line":1,"column":0},"end":{"line":1,"column":40}},"1":{"start":{"line":2,"column":0},"end":{"line":2,"column":49}},"2":{"start":{"line":3,"column":0},"end":{"line":3,"column":43}},"3":{"start":{"line":4,"column":0},"end":{"line":4,"column":61}},"4":{"start":{"line":5,"column":0},"end":{"line":5,"column":70}},"5":{"start":{"line":6,"column":0},"end":{"line":6,"column":64}},"6":{"start":{"line":7,"column":0},"end":{"line":7,"column":45}},"7":{"start":{"line":8,"column":0},"end":{"line":8,"column":51}},"8":{"start":{"line":9,"column":0},"end":{"line":9,"column":45}},"9":{"start":{"line":10,"column":0},"end":{"line":10,"column":58}},"10":{"start":{"line":11,"column":0},"end":{"line":11,"column":47}},"11":{"start":{"line":12,"column":0},"end":{"line":12,"column":57}},"12":{"start":{"line":13,"column":0},"end":{"line":13,"column":48}},"13":{"start":{"line":14,"column":0},"end":{"line":14,"column":48}},"14":{"start":{"line":15,"column":0},"end":{"line":15,"column":57}},"15":{"start":{"line":16,"column":0},"end":{"line":16,"column":40}},"16":{"start":{"line":17,"column":0},"end":{"line":17,"column":60}},"17":{"start":{"line":19,"column":29},"end":{"line":40,"column":2}},"18":{"start":{"line":22,"column":39},"end":{"line":38,"column":4}},"19":{"start":{"line":76,"column":7},"end":{"line":76,"column":null}},"20":{"start":{"line":76,"column":13},"end":{"line":76,"column":22}},"21":{"start":{"line":76,"column":13},"end":{"line":76,"column":null}},"22":{"start":{"line":49,"column":53},"end":{"line":54,"column":8}}},"fnMap":{"0":{"name":"(anonymous_1)","decl":{"start":{"line":20,"column":14},"end":{"line":20,"column":19}},"loc":{"start":{"line":22,"column":39},"end":{"line":38,"column":4}}},"1":{"name":"(anonymous_2)","decl":{"start":{"line":49,"column":18},"end":{"line":49,"column":19}},"loc":{"start":{"line":49,"column":53},"end":{"line":54,"column":8}}}},"branchMap":{},"s":{"0":0,"1":0,"2":0,"3":0,"4":0,"5":0,"6":0,"7":0,"8":0,"9":0,"10":0,"11":0,"12":0,"13":0,"14":0,"15":0,"16":0,"17":0,"18":0,"19":0,"20":0,"21":0,"22":0},"f":{"0":0,"1":0},"b":{}}
,"/Users/bubblegum/project/boundary-condition/src/app.service.ts": {"path":"/Users/bubblegum/project/boundary-condition/src/app.service.ts","statementMap":{"0":{"start":{"line":1,"column":0},"end":{"line":1,"column":44}},"1":{"start":{"line":4,"column":7},"end":{"line":4,"column":null}},"2":{"start":{"line":4,"column":13},"end":{"line":4,"column":23}},"3":{"start":{"line":4,"column":13},"end":{"line":4,"column":null}}},"fnMap":{},"branchMap":{},"s":{"0":0,"1":0,"2":0,"3":0},"f":{},"b":{}}
,"/Users/bubblegum/project/boundary-condition/src/loggingInterceptor.ts": {"path":"/Users/bubblegum/project/boundary-condition/src/loggingInterceptor.ts","statementMap":{"0":{"start":{"line":1,"column":0},"end":{"line":1,"column":null}},"1":{"start":{"line":8,"column":0},"end":{"line":8,"column":37}},"2":{"start":{"line":9,"column":0},"end":{"line":9,"column":55}},"3":{"start":{"line":10,"column":0},"end":{"line":10,"column":40}},"4":{"start":{"line":11,"column":0},"end":{"line":11,"column":33}},"5":{"start":{"line":14,"column":7},"end":{"line":29,"column":null}},"6":{"start":{"line":16,"column":54},"end":{"line":16,"column":62}},"7":{"start":{"line":20,"column":20},"end":{"line":20,"column":55}},"8":{"start":{"line":21,"column":28},"end":{"line":21,"column":35}},"9":{"start":{"line":23,"column":4},"end":{"line":23,"column":59}},"10":{"start":{"line":25,"column":4},"end":{"line":27,"column":80}},"11":{"start":{"line":27,"column":22},"end":{"line":27,"column":77}},"12":{"start":{"line":14,"column":13},"end":{"line":14,"column":31}},"13":{"start":{"line":14,"column":13},"end":{"line":29,"column":null}}},"fnMap":{"0":{"name":"(anonymous_4)","decl":{"start":{"line":15,"column":2},"end":{"line":15,"column":null}},"loc":{"start":{"line":16,"column":68},"end":{"line":17,"column":6}}},"1":{"name":"(anonymous_5)","decl":{"start":{"line":19,"column":2},"end":{"line":19,"column":11}},"loc":{"start":{"line":19,"column":56},"end":{"line":28,"column":3}}},"2":{"name":"(anonymous_6)","decl":{"start":{"line":27,"column":16},"end":{"line":27,"column":19}},"loc":{"start":{"line":27,"column":22},"end":{"line":27,"column":77}}}},"branchMap":{},"s":{"0":0,"1":0,"2":0,"3":0,"4":0,"5":0,"6":0,"7":0,"8":0,"9":0,"10":0,"11":0,"12":0,"13":0},"f":{"0":0,"1":0,"2":0},"b":{}}
,"/Users/bubblegum/project/boundary-condition/src/main.ts": {"path":"/Users/bubblegum/project/boundary-condition/src/main.ts","statementMap":{"0":{"start":{"line":1,"column":0},"end":{"line":1,"column":43}},"1":{"start":{"line":2,"column":0},"end":{"line":2,"column":41}},"2":{"start":{"line":3,"column":0},"end":{"line":3,"column":47}},"3":{"start":{"line":4,"column":0},"end":{"line":4,"column":54}},"4":{"start":{"line":5,"column":0},"end":{"line":5,"column":48}},"5":{"start":{"line":7,"column":0},"end":{"line":7,"column":41}},"6":{"start":{"line":10,"column":14},"end":{"line":10,"column":49}},"7":{"start":{"line":11,"column":24},"end":{"line":11,"column":46}},"8":{"start":{"line":13,"column":2},"end":{"line":13,"column":26}},"9":{"start":{"line":14,"column":2},"end":{"line":20,"column":4}},"10":{"start":{"line":22,"column":2},"end":{"line":31,"column":5}},"11":{"start":{"line":32,"column":2},"end":{"line":32,"column":20}},"12":{"start":{"line":41,"column":15},"end":{"line":41,"column":55}},"13":{"start":{"line":42,"column":2},"end":{"line":42,"column":25}},"14":{"start":{"line":44,"column":0},"end":{"line":44,"column":12}}},"fnMap":{"0":{"name":"bootstrap","decl":{"start":{"line":9,"column":15},"end":{"line":9,"column":24}},"loc":{"start":{"line":9,"column":24},"end":{"line":43,"column":1}}}},"branchMap":{},"s":{"0":0,"1":0,"2":0,"3":0,"4":0,"5":0,"6":0,"7":0,"8":0,"9":0,"10":0,"11":0,"12":0,"13":0,"14":0},"f":{"0":0},"b":{}}
,"/Users/bubblegum/project/boundary-condition/src/article/article.controller.ts": {"path":"/Users/bubblegum/project/boundary-condition/src/article/article.controller.ts","statementMap":{"0":{"start":{"line":1,"column":0},"end":{"line":1,"column":null}},"1":{"start":{"line":16,"column":0},"end":{"line":16,"column":51}},"2":{"start":{"line":17,"column":0},"end":{"line":17,"column":78}},"3":{"start":{"line":18,"column":0},"end":{"line":18,"column":78}},"4":{"start":{"line":19,"column":0},"end":{"line":19,"column":76}},"5":{"start":{"line":20,"column":0},"end":{"line":20,"column":56}},"6":{"start":{"line":21,"column":0},"end":{"line":21,"column":59}},"7":{"start":{"line":22,"column":0},"end":{"line":22,"column":51}},"8":{"start":{"line":24,"column":0},"end":{"line":24,"column":null}},"9":{"start":{"line":33,"column":0},"end":{"line":33,"column":61}},"10":{"start":{"line":34,"column":0},"end":{"line":34,"column":63}},"11":{"start":{"line":35,"column":0},"end":{"line":35,"column":76}},"12":{"start":{"line":36,"column":0},"end":{"line":36,"column":60}},"13":{"start":{"line":37,"column":0},"end":{"line":37,"column":54}},"14":{"start":{"line":38,"column":0},"end":{"line":38,"column":71}},"15":{"start":{"line":42,"column":7},"end":{"line":336,"column":null}},"16":{"start":{"line":43,"column":31},"end":{"line":43,"column":47}},"17":{"start":{"line":61,"column":4},"end":{"line":74,"column":5}},"18":{"start":{"line":62,"column":6},"end":{"line":62,"column":65}},"19":{"start":{"line":63,"column":6},"end":{"line":65,"column":9}},"20":{"start":{"line":67,"column":19},"end":{"line":67,"column":31}},"21":{"start":{"line":68,"column":6},"end":{"line":70,"column":7}},"22":{"start":{"line":69,"column":8},"end":{"line":69,"column":40}},"23":{"start":{"line":71,"column":6},"end":{"line":73,"column":9}},"24":{"start":{"line":96,"column":4},"end":{"line":110,"column":5}},"25":{"start":{"line":97,"column":6},"end":{"line":97,"column":73}},"26":{"start":{"line":98,"column":6},"end":{"line":100,"column":9}},"27":{"start":{"line":102,"column":19},"end":{"line":102,"column":31}},"28":{"start":{"line":103,"column":6},"end":{"line":105,"column":7}},"29":{"start":{"line":104,"column":8},"end":{"line":104,"column":40}},"30":{"start":{"line":106,"column":6},"end":{"line":109,"column":9}},"31":{"start":{"line":129,"column":4},"end":{"line":144,"column":5}},"32":{"start":{"line":130,"column":23},"end":{"line":130,"column":77}},"33":{"start":{"line":131,"column":6},"end":{"line":134,"column":9}},"34":{"start":{"line":136,"column":19},"end":{"line":136,"column":31}},"35":{"start":{"line":137,"column":6},"end":{"line":139,"column":7}},"36":{"start":{"line":138,"column":8},"end":{"line":138,"column":40}},"37":{"start":{"line":140,"column":6},"end":{"line":143,"column":9}},"38":{"start":{"line":163,"column":4},"end":{"line":181,"column":5}},"39":{"start":{"line":164,"column":19},"end":{"line":167,"column":null}},"40":{"start":{"line":169,"column":6},"end":{"line":171,"column":9}},"41":{"start":{"line":173,"column":19},"end":{"line":173,"column":31}},"42":{"start":{"line":174,"column":6},"end":{"line":176,"column":7}},"43":{"start":{"line":175,"column":8},"end":{"line":175,"column":40}},"44":{"start":{"line":177,"column":6},"end":{"line":180,"column":9}},"45":{"start":{"line":204,"column":4},"end":{"line":218,"column":5}},"46":{"start":{"line":205,"column":6},"end":{"line":205,"column":78}},"47":{"start":{"line":206,"column":6},"end":{"line":208,"column":9}},"48":{"start":{"line":210,"column":19},"end":{"line":210,"column":31}},"49":{"start":{"line":211,"column":6},"end":{"line":213,"column":7}},"50":{"start":{"line":212,"column":8},"end":{"line":212,"column":40}},"51":{"start":{"line":214,"column":6},"end":{"line":217,"column":9}},"52":{"start":{"line":237,"column":4},"end":{"line":251,"column":5}},"53":{"start":{"line":238,"column":6},"end":{"line":238,"column":63}},"54":{"start":{"line":239,"column":6},"end":{"line":241,"column":9}},"55":{"start":{"line":243,"column":19},"end":{"line":243,"column":31}},"56":{"start":{"line":244,"column":6},"end":{"line":246,"column":7}},"57":{"start":{"line":245,"column":8},"end":{"line":245,"column":40}},"58":{"start":{"line":247,"column":6},"end":{"line":250,"column":9}},"59":{"start":{"line":266,"column":4},"end":{"line":280,"column":5}},"60":{"start":{"line":267,"column":6},"end":{"line":267,"column":50}},"61":{"start":{"line":268,"column":6},"end":{"line":270,"column":9}},"62":{"start":{"line":272,"column":19},"end":{"line":272,"column":31}},"63":{"start":{"line":273,"column":6},"end":{"line":275,"column":7}},"64":{"start":{"line":274,"column":8},"end":{"line":274,"column":40}},"65":{"start":{"line":276,"column":6},"end":{"line":279,"column":9}},"66":{"start":{"line":294,"column":4},"end":{"line":309,"column":5}},"67":{"start":{"line":295,"column":19},"end":{"line":295,"column":64}},"68":{"start":{"line":296,"column":6},"end":{"line":299,"column":9}},"69":{"start":{"line":301,"column":19},"end":{"line":301,"column":31}},"70":{"start":{"line":302,"column":6},"end":{"line":304,"column":7}},"71":{"start":{"line":303,"column":8},"end":{"line":303,"column":40}},"72":{"start":{"line":305,"column":6},"end":{"line":308,"column":9}},"73":{"start":{"line":319,"column":4},"end":{"line":334,"column":5}},"74":{"start":{"line":320,"column":19},"end":{"line":320,"column":56}},"75":{"start":{"line":321,"column":6},"end":{"line":324,"column":9}},"76":{"start":{"line":326,"column":19},"end":{"line":326,"column":31}},"77":{"start":{"line":327,"column":6},"end":{"line":329,"column":7}},"78":{"start":{"line":328,"column":8},"end":{"line":328,"column":40}},"79":{"start":{"line":330,"column":6},"end":{"line":333,"column":9}},"80":{"start":{"line":42,"column":13},"end":{"line":42,"column":30}},"81":{"start":{"line":56,"column":8},"end":{"line":75,"column":null}},"82":{"start":{"line":90,"column":8},"end":{"line":111,"column":null}},"83":{"start":{"line":124,"column":8},"end":{"line":145,"column":null}},"84":{"start":{"line":157,"column":8},"end":{"line":182,"column":null}},"85":{"start":{"line":197,"column":8},"end":{"line":219,"column":null}},"86":{"start":{"line":231,"column":8},"end":{"line":252,"column":null}},"87":{"start":{"line":261,"column":8},"end":{"line":281,"column":null}},"88":{"start":{"line":290,"column":8},"end":{"line":310,"column":null}},"89":{"start":{"line":318,"column":8},"end":{"line":335,"column":null}},"90":{"start":{"line":42,"column":13},"end":{"line":336,"column":null}}},"fnMap":{"0":{"name":"(anonymous_5)","decl":{"start":{"line":43,"column":2},"end":{"line":43,"column":31}},"loc":{"start":{"line":43,"column":61},"end":{"line":43,"column":65}}},"1":{"name":"(anonymous_6)","decl":{"start":{"line":56,"column":2},"end":{"line":56,"column":7}},"loc":{"start":{"line":59,"column":33},"end":{"line":75,"column":3}}},"2":{"name":"(anonymous_7)","decl":{"start":{"line":90,"column":2},"end":{"line":90,"column":7}},"loc":{"start":{"line":94,"column":24},"end":{"line":111,"column":3}}},"3":{"name":"(anonymous_8)","decl":{"start":{"line":124,"column":2},"end":{"line":124,"column":7}},"loc":{"start":{"line":127,"column":33},"end":{"line":145,"column":3}}},"4":{"name":"(anonymous_9)","decl":{"start":{"line":157,"column":2},"end":{"line":157,"column":7}},"loc":{"start":{"line":161,"column":24},"end":{"line":182,"column":3}}},"5":{"name":"(anonymous_10)","decl":{"start":{"line":197,"column":2},"end":{"line":197,"column":7}},"loc":{"start":{"line":202,"column":24},"end":{"line":219,"column":3}}},"6":{"name":"(anonymous_11)","decl":{"start":{"line":231,"column":2},"end":{"line":231,"column":7}},"loc":{"start":{"line":235,"column":24},"end":{"line":252,"column":3}}},"7":{"name":"(anonymous_12)","decl":{"start":{"line":261,"column":2},"end":{"line":261,"column":7}},"loc":{"start":{"line":264,"column":24},"end":{"line":281,"column":3}}},"8":{"name":"(anonymous_13)","decl":{"start":{"line":290,"column":2},"end":{"line":290,"column":7}},"loc":{"start":{"line":292,"column":24},"end":{"line":310,"column":3}}},"9":{"name":"(anonymous_14)","decl":{"start":{"line":318,"column":2},"end":{"line":318,"column":7}},"loc":{"start":{"line":318,"column":38},"end":{"line":335,"column":3}}}},"branchMap":{"0":{"loc":{"start":{"line":68,"column":6},"end":{"line":70,"column":7}},"type":"if","locations":[{"start":{"line":68,"column":6},"end":{"line":70,"column":7}}]},"1":{"loc":{"start":{"line":103,"column":6},"end":{"line":105,"column":7}},"type":"if","locations":[{"start":{"line":103,"column":6},"end":{"line":105,"column":7}}]},"2":{"loc":{"start":{"line":137,"column":6},"end":{"line":139,"column":7}},"type":"if","locations":[{"start":{"line":137,"column":6},"end":{"line":139,"column":7}}]},"3":{"loc":{"start":{"line":174,"column":6},"end":{"line":176,"column":7}},"type":"if","locations":[{"start":{"line":174,"column":6},"end":{"line":176,"column":7}}]},"4":{"loc":{"start":{"line":211,"column":6},"end":{"line":213,"column":7}},"type":"if","locations":[{"start":{"line":211,"column":6},"end":{"line":213,"column":7}}]},"5":{"loc":{"start":{"line":244,"column":6},"end":{"line":246,"column":7}},"type":"if","locations":[{"start":{"line":244,"column":6},"end":{"line":246,"column":7}}]},"6":{"loc":{"start":{"line":273,"column":6},"end":{"line":275,"column":7}},"type":"if","locations":[{"start":{"line":273,"column":6},"end":{"line":275,"column":7}}]},"7":{"loc":{"start":{"line":302,"column":6},"end":{"line":304,"column":7}},"type":"if","locations":[{"start":{"line":302,"column":6},"end":{"line":304,"column":7}}]},"8":{"loc":{"start":{"line":327,"column":6},"end":{"line":329,"column":7}},"type":"if","locations":[{"start":{"line":327,"column":6},"end":{"line":329,"column":7}}]}},"s":{"0":0,"1":0,"2":0,"3":0,"4":0,"5":0,"6":0,"7":0,"8":0,"9":0,"10":0,"11":0,"12":0,"13":0,"14":0,"15":0,"16":0,"17":0,"18":0,"19":0,"20":0,"21":0,"22":0,"23":0,"24":0,"25":0,"26":0,"27":0,"28":0,"29":0,"30":0,"31":0,"32":0,"33":0,"34":0,"35":0,"36":0,"37":0,"38":0,"39":0,"40":0,"41":0,"42":0,"43":0,"44":0,"45":0,"46":0,"47":0,"48":0,"49":0,"50":0,"51":0,"52":0,"53":0,"54":0,"55":0,"56":0,"57":0,"58":0,"59":0,"60":0,"61":0,"62":0,"63":0,"64":0,"65":0,"66":0,"67":0,"68":0,"69":0,"70":0,"71":0,"72":0,"73":0,"74":0,"75":0,"76":0,"77":0,"78":0,"79":0,"80":0,"81":0,"82":0,"83":0,"84":0,"85":0,"86":0,"87":0,"88":0,"89":0,"90":0},"f":{"0":0,"1":0,"2":0,"3":0,"4":0,"5":0,"6":0,"7":0,"8":0,"9":0},"b":{"0":[0],"1":[0],"2":[0],"3":[0],"4":[0],"5":[0],"6":[0],"7":[0],"8":[0]}}
,"/Users/bubblegum/project/boundary-condition/src/article/article.module.ts": {"path":"/Users/bubblegum/project/boundary-condition/src/article/article.module.ts","statementMap":{"0":{"start":{"line":1,"column":0},"end":{"line":1,"column":40}},"1":{"start":{"line":2,"column":0},"end":{"line":2,"column":51}},"2":{"start":{"line":3,"column":0},"end":{"line":3,"column":57}},"3":{"start":{"line":4,"column":0},"end":{"line":4,"column":48}},"4":{"start":{"line":5,"column":0},"end":{"line":5,"column":48}},"5":{"start":{"line":6,"column":0},"end":{"line":6,"column":60}},"6":{"start":{"line":7,"column":0},"end":{"line":7,"column":49}},"7":{"start":{"line":8,"column":0},"end":{"line":8,"column":52}},"8":{"start":{"line":9,"column":0},"end":{"line":9,"column":49}},"9":{"start":{"line":10,"column":0},"end":{"line":10,"column":40}},"10":{"start":{"line":11,"column":0},"end":{"line":11,"column":61}},"11":{"start":{"line":24,"column":7},"end":{"line":24,"column":null}},"12":{"start":{"line":24,"column":13},"end":{"line":24,"column":26}},"13":{"start":{"line":24,"column":13},"end":{"line":24,"column":null}}},"fnMap":{},"branchMap":{},"s":{"0":0,"1":0,"2":0,"3":0,"4":0,"5":0,"6":0,"7":0,"8":0,"9":0,"10":0,"11":0,"12":0,"13":0},"f":{},"b":{}}
,"/Users/bubblegum/project/boundary-condition/src/article/article.service.ts": {"path":"/Users/bubblegum/project/boundary-condition/src/article/article.service.ts","statementMap":{"0":{"start":{"line":1,"column":0},"end":{"line":1,"column":null}},"1":{"start":{"line":9,"column":0},"end":{"line":9,"column":69}},"2":{"start":{"line":10,"column":0},"end":{"line":10,"column":48}},"3":{"start":{"line":11,"column":0},"end":{"line":11,"column":68}},"4":{"start":{"line":14,"column":0},"end":{"line":14,"column":51}},"5":{"start":{"line":17,"column":0},"end":{"line":17,"column":52}},"6":{"start":{"line":18,"column":0},"end":{"line":18,"column":25}},"7":{"start":{"line":19,"column":0},"end":{"line":19,"column":28}},"8":{"start":{"line":23,"column":0},"end":{"line":23,"column":63}},"9":{"start":{"line":28,"column":7},"end":{"line":591,"column":null}},"10":{"start":{"line":31,"column":21},"end":{"line":31,"column":40}},"11":{"start":{"line":33,"column":21},"end":{"line":33,"column":33}},"12":{"start":{"line":34,"column":21},"end":{"line":34,"column":34}},"13":{"start":{"line":35,"column":21},"end":{"line":35,"column":38}},"14":{"start":{"line":39,"column":4},"end":{"line":51,"column":5}},"15":{"start":{"line":40,"column":24},"end":{"line":40,"column":42}},"16":{"start":{"line":41,"column":19},"end":{"line":41,"column":64}},"17":{"start":{"line":42,"column":26},"end":{"line":42,"column":58}},"18":{"start":{"line":43,"column":6},"end":{"line":43,"column":38}},"19":{"start":{"line":44,"column":6},"end":{"line":44,"column":24}},"20":{"start":{"line":45,"column":6},"end":{"line":47,"column":7}},"21":{"start":{"line":46,"column":8},"end":{"line":46,"column":44}},"22":{"start":{"line":48,"column":6},"end":{"line":48,"column":18}},"23":{"start":{"line":50,"column":6},"end":{"line":50,"column":18}},"24":{"start":{"line":55,"column":4},"end":{"line":59,"column":5}},"25":{"start":{"line":56,"column":6},"end":{"line":56,"column":65}},"26":{"start":{"line":58,"column":6},"end":{"line":58,"column":18}},"27":{"start":{"line":63,"column":4},"end":{"line":67,"column":5}},"28":{"start":{"line":64,"column":6},"end":{"line":64,"column":60}},"29":{"start":{"line":66,"column":6},"end":{"line":66,"column":18}},"30":{"start":{"line":71,"column":4},"end":{"line":82,"column":5}},"31":{"start":{"line":72,"column":22},"end":{"line":72,"column":36}},"32":{"start":{"line":73,"column":19},"end":{"line":73,"column":40}},"33":{"start":{"line":74,"column":20},"end":{"line":74,"column":64}},"34":{"start":{"line":75,"column":18},"end":{"line":75,"column":57}},"35":{"start":{"line":78,"column":28},"end":{"line":78,"column":53}},"36":{"start":{"line":79,"column":6},"end":{"line":79,"column":27}},"37":{"start":{"line":81,"column":6},"end":{"line":81,"column":18}},"38":{"start":{"line":86,"column":4},"end":{"line":107,"column":5}},"39":{"start":{"line":95,"column":10},"end":{"line":95,"column":13}},"40":{"start":{"line":96,"column":6},"end":{"line":104,"column":9}},"41":{"start":{"line":106,"column":6},"end":{"line":106,"column":18}},"42":{"start":{"line":111,"column":4},"end":{"line":135,"column":5}},"43":{"start":{"line":112,"column":30},"end":{"line":112,"column":35}},"44":{"start":{"line":113,"column":28},"end":{"line":118,"column":8}},"45":{"start":{"line":119,"column":23},"end":{"line":119,"column":25}},"46":{"start":{"line":120,"column":6},"end":{"line":131,"column":9}},"47":{"start":{"line":121,"column":29},"end":{"line":121,"column":68}},"48":{"start":{"line":122,"column":24},"end":{"line":129,"column":10}},"49":{"start":{"line":130,"column":8},"end":{"line":130,"column":33}},"50":{"start":{"line":132,"column":6},"end":{"line":132,"column":24}},"51":{"start":{"line":134,"column":6},"end":{"line":134,"column":18}},"52":{"start":{"line":142,"column":24},"end":{"line":142,"column":59}},"53":{"start":{"line":143,"column":4},"end":{"line":143,"column":32}},"54":{"start":{"line":144,"column":4},"end":{"line":144,"column":41}},"55":{"start":{"line":146,"column":4},"end":{"line":184,"column":5}},"56":{"start":{"line":147,"column":72},"end":{"line":147,"column":75}},"57":{"start":{"line":148,"column":31},"end":{"line":148,"column":35}},"58":{"start":{"line":149,"column":24},"end":{"line":149,"column":69}},"59":{"start":{"line":150,"column":6},"end":{"line":152,"column":7}},"60":{"start":{"line":151,"column":8},"end":{"line":151,"column":57}},"61":{"start":{"line":153,"column":6},"end":{"line":155,"column":7}},"62":{"start":{"line":154,"column":8},"end":{"line":154,"column":57}},"63":{"start":{"line":156,"column":28},"end":{"line":156,"column":67}},"64":{"start":{"line":157,"column":6},"end":{"line":159,"column":7}},"65":{"start":{"line":158,"column":8},"end":{"line":158,"column":59}},"66":{"start":{"line":160,"column":29},"end":{"line":160,"column":79}},"67":{"start":{"line":161,"column":6},"end":{"line":163,"column":7}},"68":{"start":{"line":162,"column":8},"end":{"line":162,"column":58}},"69":{"start":{"line":164,"column":25},"end":{"line":172,"column":8}},"70":{"start":{"line":173,"column":27},"end":{"line":173,"column":74}},"71":{"start":{"line":174,"column":6},"end":{"line":176,"column":7}},"72":{"start":{"line":175,"column":8},"end":{"line":175,"column":58}},"73":{"start":{"line":177,"column":6},"end":{"line":177,"column":44}},"74":{"start":{"line":178,"column":6},"end":{"line":178,"column":18}},"75":{"start":{"line":180,"column":6},"end":{"line":180,"column":46}},"76":{"start":{"line":181,"column":6},"end":{"line":181,"column":18}},"77":{"start":{"line":183,"column":6},"end":{"line":183,"column":34}},"78":{"start":{"line":192,"column":24},"end":{"line":192,"column":59}},"79":{"start":{"line":193,"column":4},"end":{"line":193,"column":32}},"80":{"start":{"line":194,"column":4},"end":{"line":194,"column":41}},"81":{"start":{"line":196,"column":4},"end":{"line":238,"column":5}},"82":{"start":{"line":197,"column":61},"end":{"line":197,"column":64}},"83":{"start":{"line":198,"column":31},"end":{"line":198,"column":35}},"84":{"start":{"line":199,"column":24},"end":{"line":199,"column":69}},"85":{"start":{"line":200,"column":6},"end":{"line":202,"column":7}},"86":{"start":{"line":201,"column":8},"end":{"line":201,"column":57}},"87":{"start":{"line":203,"column":6},"end":{"line":205,"column":7}},"88":{"start":{"line":204,"column":8},"end":{"line":204,"column":57}},"89":{"start":{"line":206,"column":28},"end":{"line":206,"column":67}},"90":{"start":{"line":207,"column":6},"end":{"line":209,"column":7}},"91":{"start":{"line":208,"column":8},"end":{"line":208,"column":59}},"92":{"start":{"line":210,"column":19},"end":{"line":210,"column":55}},"93":{"start":{"line":211,"column":6},"end":{"line":213,"column":7}},"94":{"start":{"line":212,"column":8},"end":{"line":212,"column":61}},"95":{"start":{"line":214,"column":29},"end":{"line":214,"column":74}},"96":{"start":{"line":215,"column":6},"end":{"line":217,"column":7}},"97":{"start":{"line":216,"column":8},"end":{"line":216,"column":58}},"98":{"start":{"line":218,"column":25},"end":{"line":226,"column":8}},"99":{"start":{"line":227,"column":27},"end":{"line":227,"column":74}},"100":{"start":{"line":228,"column":6},"end":{"line":230,"column":7}},"101":{"start":{"line":229,"column":8},"end":{"line":229,"column":58}},"102":{"start":{"line":231,"column":6},"end":{"line":231,"column":44}},"103":{"start":{"line":232,"column":6},"end":{"line":232,"column":18}},"104":{"start":{"line":234,"column":6},"end":{"line":234,"column":46}},"105":{"start":{"line":235,"column":6},"end":{"line":235,"column":18}},"106":{"start":{"line":237,"column":6},"end":{"line":237,"column":34}},"107":{"start":{"line":242,"column":29},"end":{"line":242,"column":33}},"108":{"start":{"line":243,"column":22},"end":{"line":243,"column":67}},"109":{"start":{"line":244,"column":4},"end":{"line":246,"column":5}},"110":{"start":{"line":245,"column":6},"end":{"line":245,"column":55}},"111":{"start":{"line":247,"column":4},"end":{"line":249,"column":5}},"112":{"start":{"line":248,"column":6},"end":{"line":248,"column":55}},"113":{"start":{"line":250,"column":21},"end":{"line":250,"column":62}},"114":{"start":{"line":251,"column":4},"end":{"line":251,"column":20}},"115":{"start":{"line":255,"column":4},"end":{"line":262,"column":5}},"116":{"start":{"line":256,"column":6},"end":{"line":259,"column":9}},"117":{"start":{"line":261,"column":6},"end":{"line":261,"column":18}},"118":{"start":{"line":270,"column":4},"end":{"line":297,"column":5}},"119":{"start":{"line":280,"column":10},"end":{"line":280,"column":13}},"120":{"start":{"line":282,"column":6},"end":{"line":294,"column":9}},"121":{"start":{"line":296,"column":6},"end":{"line":296,"column":18}},"122":{"start":{"line":301,"column":4},"end":{"line":305,"column":5}},"123":{"start":{"line":302,"column":6},"end":{"line":302,"column":79}},"124":{"start":{"line":304,"column":6},"end":{"line":304,"column":18}},"125":{"start":{"line":313,"column":24},"end":{"line":313,"column":59}},"126":{"start":{"line":314,"column":4},"end":{"line":314,"column":32}},"127":{"start":{"line":315,"column":4},"end":{"line":315,"column":41}},"128":{"start":{"line":317,"column":4},"end":{"line":378,"column":5}},"129":{"start":{"line":318,"column":31},"end":{"line":318,"column":35}},"130":{"start":{"line":319,"column":70},"end":{"line":319,"column":73}},"131":{"start":{"line":320,"column":24},"end":{"line":320,"column":25}},"132":{"start":{"line":321,"column":23},"end":{"line":321,"column":24}},"133":{"start":{"line":322,"column":24},"end":{"line":322,"column":69}},"134":{"start":{"line":323,"column":6},"end":{"line":325,"column":7}},"135":{"start":{"line":324,"column":8},"end":{"line":324,"column":57}},"136":{"start":{"line":326,"column":6},"end":{"line":328,"column":7}},"137":{"start":{"line":327,"column":8},"end":{"line":327,"column":57}},"138":{"start":{"line":329,"column":27},"end":{"line":329,"column":53}},"139":{"start":{"line":330,"column":6},"end":{"line":332,"column":7}},"140":{"start":{"line":331,"column":8},"end":{"line":331,"column":58}},"141":{"start":{"line":333,"column":6},"end":{"line":335,"column":7}},"142":{"start":{"line":334,"column":8},"end":{"line":334,"column":35}},"143":{"start":{"line":336,"column":6},"end":{"line":338,"column":7}},"144":{"start":{"line":337,"column":8},"end":{"line":337,"column":41}},"145":{"start":{"line":339,"column":6},"end":{"line":341,"column":7}},"146":{"start":{"line":340,"column":8},"end":{"line":340,"column":33}},"147":{"start":{"line":342,"column":6},"end":{"line":344,"column":7}},"148":{"start":{"line":343,"column":8},"end":{"line":343,"column":43}},"149":{"start":{"line":345,"column":6},"end":{"line":349,"column":7}},"150":{"start":{"line":346,"column":8},"end":{"line":346,"column":48}},"151":{"start":{"line":348,"column":8},"end":{"line":348,"column":78}},"152":{"start":{"line":350,"column":6},"end":{"line":355,"column":7}},"153":{"start":{"line":351,"column":8},"end":{"line":351,"column":45}},"154":{"start":{"line":353,"column":30},"end":{"line":353,"column":69}},"155":{"start":{"line":354,"column":8},"end":{"line":354,"column":38}},"156":{"start":{"line":356,"column":28},"end":{"line":365,"column":8}},"157":{"start":{"line":366,"column":26},"end":{"line":369,"column":null}},"158":{"start":{"line":372,"column":6},"end":{"line":372,"column":18}},"159":{"start":{"line":374,"column":6},"end":{"line":374,"column":40}},"160":{"start":{"line":375,"column":6},"end":{"line":375,"column":18}},"161":{"start":{"line":377,"column":6},"end":{"line":377,"column":28}},"162":{"start":{"line":387,"column":24},"end":{"line":387,"column":59}},"163":{"start":{"line":388,"column":4},"end":{"line":388,"column":32}},"164":{"start":{"line":389,"column":4},"end":{"line":389,"column":41}},"165":{"start":{"line":391,"column":4},"end":{"line":451,"column":5}},"166":{"start":{"line":392,"column":31},"end":{"line":392,"column":35}},"167":{"start":{"line":393,"column":59},"end":{"line":393,"column":62}},"168":{"start":{"line":394,"column":23},"end":{"line":394,"column":24}},"169":{"start":{"line":395,"column":24},"end":{"line":395,"column":69}},"170":{"start":{"line":396,"column":6},"end":{"line":398,"column":7}},"171":{"start":{"line":397,"column":8},"end":{"line":397,"column":57}},"172":{"start":{"line":399,"column":6},"end":{"line":401,"column":7}},"173":{"start":{"line":400,"column":8},"end":{"line":400,"column":57}},"174":{"start":{"line":402,"column":27},"end":{"line":402,"column":53}},"175":{"start":{"line":403,"column":6},"end":{"line":405,"column":7}},"176":{"start":{"line":404,"column":8},"end":{"line":404,"column":58}},"177":{"start":{"line":406,"column":6},"end":{"line":408,"column":7}},"178":{"start":{"line":407,"column":8},"end":{"line":407,"column":35}},"179":{"start":{"line":409,"column":6},"end":{"line":411,"column":7}},"180":{"start":{"line":410,"column":8},"end":{"line":410,"column":41}},"181":{"start":{"line":412,"column":6},"end":{"line":414,"column":7}},"182":{"start":{"line":413,"column":8},"end":{"line":413,"column":33}},"183":{"start":{"line":415,"column":6},"end":{"line":417,"column":7}},"184":{"start":{"line":416,"column":8},"end":{"line":416,"column":43}},"185":{"start":{"line":418,"column":6},"end":{"line":423,"column":7}},"186":{"start":{"line":419,"column":8},"end":{"line":419,"column":45}},"187":{"start":{"line":421,"column":30},"end":{"line":421,"column":69}},"188":{"start":{"line":422,"column":8},"end":{"line":422,"column":38}},"189":{"start":{"line":424,"column":25},"end":{"line":424,"column":61}},"190":{"start":{"line":425,"column":29},"end":{"line":427,"column":null}},"191":{"start":{"line":429,"column":28},"end":{"line":438,"column":8}},"192":{"start":{"line":440,"column":26},"end":{"line":443,"column":null}},"193":{"start":{"line":445,"column":6},"end":{"line":445,"column":18}},"194":{"start":{"line":447,"column":6},"end":{"line":447,"column":40}},"195":{"start":{"line":448,"column":6},"end":{"line":448,"column":18}},"196":{"start":{"line":450,"column":6},"end":{"line":450,"column":28}},"197":{"start":{"line":459,"column":24},"end":{"line":459,"column":59}},"198":{"start":{"line":460,"column":4},"end":{"line":460,"column":32}},"199":{"start":{"line":461,"column":4},"end":{"line":461,"column":41}},"200":{"start":{"line":463,"column":4},"end":{"line":494,"column":5}},"201":{"start":{"line":464,"column":31},"end":{"line":464,"column":35}},"202":{"start":{"line":465,"column":28},"end":{"line":465,"column":31}},"203":{"start":{"line":466,"column":24},"end":{"line":466,"column":69}},"204":{"start":{"line":467,"column":6},"end":{"line":469,"column":7}},"205":{"start":{"line":468,"column":8},"end":{"line":468,"column":57}},"206":{"start":{"line":470,"column":6},"end":{"line":472,"column":7}},"207":{"start":{"line":471,"column":8},"end":{"line":471,"column":57}},"208":{"start":{"line":473,"column":27},"end":{"line":473,"column":53}},"209":{"start":{"line":474,"column":6},"end":{"line":476,"column":7}},"210":{"start":{"line":475,"column":8},"end":{"line":475,"column":58}},"211":{"start":{"line":477,"column":21},"end":{"line":486,"column":8}},"212":{"start":{"line":487,"column":6},"end":{"line":487,"column":56}},"213":{"start":{"line":488,"column":6},"end":{"line":488,"column":18}},"214":{"start":{"line":490,"column":6},"end":{"line":490,"column":40}},"215":{"start":{"line":491,"column":6},"end":{"line":491,"column":18}},"216":{"start":{"line":493,"column":6},"end":{"line":493,"column":28}},"217":{"start":{"line":498,"column":4},"end":{"line":515,"column":5}},"218":{"start":{"line":499,"column":31},"end":{"line":499,"column":35}},"219":{"start":{"line":500,"column":24},"end":{"line":500,"column":69}},"220":{"start":{"line":501,"column":6},"end":{"line":503,"column":7}},"221":{"start":{"line":502,"column":8},"end":{"line":502,"column":57}},"222":{"start":{"line":504,"column":6},"end":{"line":506,"column":7}},"223":{"start":{"line":505,"column":8},"end":{"line":505,"column":57}},"224":{"start":{"line":507,"column":27},"end":{"line":507,"column":53}},"225":{"start":{"line":508,"column":6},"end":{"line":510,"column":7}},"226":{"start":{"line":509,"column":8},"end":{"line":509,"column":58}},"227":{"start":{"line":511,"column":6},"end":{"line":511,"column":50}},"228":{"start":{"line":512,"column":6},"end":{"line":512,"column":18}},"229":{"start":{"line":514,"column":6},"end":{"line":514,"column":18}},"230":{"start":{"line":519,"column":4},"end":{"line":562,"column":5}},"231":{"start":{"line":520,"column":49},"end":{"line":520,"column":52}},"232":{"start":{"line":521,"column":23},"end":{"line":521,"column":25}},"233":{"start":{"line":523,"column":6},"end":{"line":530,"column":7}},"234":{"start":{"line":525,"column":10},"end":{"line":525,"column":60}},"235":{"start":{"line":526,"column":8},"end":{"line":528,"column":9}},"236":{"start":{"line":527,"column":10},"end":{"line":527,"column":61}},"237":{"start":{"line":529,"column":8},"end":{"line":529,"column":44}},"238":{"start":{"line":532,"column":6},"end":{"line":535,"column":7}},"239":{"start":{"line":533,"column":8},"end":{"line":533,"column":43}},"240":{"start":{"line":534,"column":8},"end":{"line":534,"column":46}},"241":{"start":{"line":537,"column":23},"end":{"line":543,"column":8}},"242":{"start":{"line":544,"column":17},"end":{"line":544,"column":19}},"243":{"start":{"line":545,"column":6},"end":{"line":557,"column":9}},"244":{"start":{"line":546,"column":24},"end":{"line":546,"column":58}},"245":{"start":{"line":547,"column":24},"end":{"line":555,"column":10}},"246":{"start":{"line":556,"column":8},"end":{"line":556,"column":27}},"247":{"start":{"line":558,"column":6},"end":{"line":558,"column":47}},"248":{"start":{"line":559,"column":6},"end":{"line":559,"column":18}},"249":{"start":{"line":561,"column":6},"end":{"line":561,"column":18}},"250":{"start":{"line":566,"column":4},"end":{"line":589,"column":5}},"251":{"start":{"line":567,"column":23},"end":{"line":571,"column":8}},"252":{"start":{"line":572,"column":17},"end":{"line":572,"column":19}},"253":{"start":{"line":573,"column":6},"end":{"line":585,"column":9}},"254":{"start":{"line":574,"column":24},"end":{"line":574,"column":58}},"255":{"start":{"line":575,"column":24},"end":{"line":583,"column":10}},"256":{"start":{"line":584,"column":8},"end":{"line":584,"column":27}},"257":{"start":{"line":586,"column":6},"end":{"line":586,"column":18}},"258":{"start":{"line":588,"column":6},"end":{"line":588,"column":18}},"259":{"start":{"line":28,"column":13},"end":{"line":28,"column":27}},"260":{"start":{"line":28,"column":13},"end":{"line":591,"column":null}}},"fnMap":{"0":{"name":"(anonymous_11)","decl":{"start":{"line":29,"column":2},"end":{"line":29,"column":null}},"loc":{"start":{"line":35,"column":53},"end":{"line":36,"column":6}}},"1":{"name":"(anonymous_12)","decl":{"start":{"line":38,"column":2},"end":{"line":38,"column":7}},"loc":{"start":{"line":38,"column":53},"end":{"line":52,"column":3}}},"2":{"name":"(anonymous_13)","decl":{"start":{"line":54,"column":2},"end":{"line":54,"column":7}},"loc":{"start":{"line":54,"column":62},"end":{"line":60,"column":3}}},"3":{"name":"(anonymous_14)","decl":{"start":{"line":62,"column":2},"end":{"line":62,"column":7}},"loc":{"start":{"line":62,"column":39},"end":{"line":68,"column":3}}},"4":{"name":"(anonymous_15)","decl":{"start":{"line":70,"column":2},"end":{"line":70,"column":12}},"loc":{"start":{"line":70,"column":23},"end":{"line":83,"column":3}}},"5":{"name":"(anonymous_16)","decl":{"start":{"line":85,"column":2},"end":{"line":85,"column":7}},"loc":{"start":{"line":85,"column":67},"end":{"line":108,"column":3}}},"6":{"name":"(anonymous_17)","decl":{"start":{"line":110,"column":2},"end":{"line":110,"column":7}},"loc":{"start":{"line":110,"column":58},"end":{"line":136,"column":3}}},"7":{"name":"(anonymous_18)","decl":{"start":{"line":120,"column":24},"end":{"line":120,"column":25}},"loc":{"start":{"line":120,"column":41},"end":{"line":131,"column":7}}},"8":{"name":"(anonymous_19)","decl":{"start":{"line":138,"column":2},"end":{"line":138,"column":7}},"loc":{"start":{"line":140,"column":21},"end":{"line":185,"column":3}}},"9":{"name":"(anonymous_20)","decl":{"start":{"line":187,"column":2},"end":{"line":187,"column":7}},"loc":{"start":{"line":190,"column":30},"end":{"line":239,"column":3}}},"10":{"name":"(anonymous_21)","decl":{"start":{"line":241,"column":2},"end":{"line":241,"column":7}},"loc":{"start":{"line":241,"column":69},"end":{"line":252,"column":3}}},"11":{"name":"(anonymous_22)","decl":{"start":{"line":254,"column":2},"end":{"line":254,"column":7}},"loc":{"start":{"line":254,"column":30},"end":{"line":263,"column":3}}},"12":{"name":"(anonymous_23)","decl":{"start":{"line":265,"column":2},"end":{"line":265,"column":7}},"loc":{"start":{"line":268,"column":28},"end":{"line":298,"column":3}}},"13":{"name":"(anonymous_24)","decl":{"start":{"line":300,"column":2},"end":{"line":300,"column":7}},"loc":{"start":{"line":300,"column":28},"end":{"line":306,"column":3}}},"14":{"name":"(anonymous_25)","decl":{"start":{"line":308,"column":2},"end":{"line":308,"column":7}},"loc":{"start":{"line":311,"column":21},"end":{"line":379,"column":3}}},"15":{"name":"(anonymous_26)","decl":{"start":{"line":381,"column":2},"end":{"line":381,"column":7}},"loc":{"start":{"line":385,"column":21},"end":{"line":452,"column":3}}},"16":{"name":"(anonymous_27)","decl":{"start":{"line":454,"column":2},"end":{"line":454,"column":7}},"loc":{"start":{"line":457,"column":27},"end":{"line":495,"column":3}}},"17":{"name":"(anonymous_28)","decl":{"start":{"line":497,"column":2},"end":{"line":497,"column":7}},"loc":{"start":{"line":497,"column":44},"end":{"line":516,"column":3}}},"18":{"name":"(anonymous_29)","decl":{"start":{"line":518,"column":2},"end":{"line":518,"column":7}},"loc":{"start":{"line":518,"column":49},"end":{"line":563,"column":3}}},"19":{"name":"(anonymous_30)","decl":{"start":{"line":545,"column":19},"end":{"line":545,"column":20}},"loc":{"start":{"line":545,"column":31},"end":{"line":557,"column":7}}},"20":{"name":"(anonymous_31)","decl":{"start":{"line":565,"column":2},"end":{"line":565,"column":7}},"loc":{"start":{"line":565,"column":17},"end":{"line":590,"column":3}}},"21":{"name":"(anonymous_32)","decl":{"start":{"line":573,"column":19},"end":{"line":573,"column":20}},"loc":{"start":{"line":573,"column":31},"end":{"line":585,"column":7}}}},"branchMap":{"0":{"loc":{"start":{"line":45,"column":6},"end":{"line":47,"column":7}},"type":"if","locations":[{"start":{"line":45,"column":6},"end":{"line":47,"column":7}}]},"1":{"loc":{"start":{"line":150,"column":6},"end":{"line":152,"column":7}},"type":"if","locations":[{"start":{"line":150,"column":6},"end":{"line":152,"column":7}}]},"2":{"loc":{"start":{"line":153,"column":6},"end":{"line":155,"column":7}},"type":"if","locations":[{"start":{"line":153,"column":6},"end":{"line":155,"column":7}}]},"3":{"loc":{"start":{"line":157,"column":6},"end":{"line":159,"column":7}},"type":"if","locations":[{"start":{"line":157,"column":6},"end":{"line":159,"column":7}}]},"4":{"loc":{"start":{"line":161,"column":6},"end":{"line":163,"column":7}},"type":"if","locations":[{"start":{"line":161,"column":6},"end":{"line":163,"column":7}}]},"5":{"loc":{"start":{"line":174,"column":6},"end":{"line":176,"column":7}},"type":"if","locations":[{"start":{"line":174,"column":6},"end":{"line":176,"column":7}}]},"6":{"loc":{"start":{"line":200,"column":6},"end":{"line":202,"column":7}},"type":"if","locations":[{"start":{"line":200,"column":6},"end":{"line":202,"column":7}}]},"7":{"loc":{"start":{"line":203,"column":6},"end":{"line":205,"column":7}},"type":"if","locations":[{"start":{"line":203,"column":6},"end":{"line":205,"column":7}}]},"8":{"loc":{"start":{"line":207,"column":6},"end":{"line":209,"column":7}},"type":"if","locations":[{"start":{"line":207,"column":6},"end":{"line":209,"column":7}}]},"9":{"loc":{"start":{"line":211,"column":6},"end":{"line":213,"column":7}},"type":"if","locations":[{"start":{"line":211,"column":6},"end":{"line":213,"column":7}}]},"10":{"loc":{"start":{"line":215,"column":6},"end":{"line":217,"column":7}},"type":"if","locations":[{"start":{"line":215,"column":6},"end":{"line":217,"column":7}}]},"11":{"loc":{"start":{"line":228,"column":6},"end":{"line":230,"column":7}},"type":"if","locations":[{"start":{"line":228,"column":6},"end":{"line":230,"column":7}}]},"12":{"loc":{"start":{"line":244,"column":4},"end":{"line":246,"column":5}},"type":"if","locations":[{"start":{"line":244,"column":4},"end":{"line":246,"column":5}}]},"13":{"loc":{"start":{"line":247,"column":4},"end":{"line":249,"column":5}},"type":"if","locations":[{"start":{"line":247,"column":4},"end":{"line":249,"column":5}}]},"14":{"loc":{"start":{"line":323,"column":6},"end":{"line":325,"column":7}},"type":"if","locations":[{"start":{"line":323,"column":6},"end":{"line":325,"column":7}}]},"15":{"loc":{"start":{"line":326,"column":6},"end":{"line":328,"column":7}},"type":"if","locations":[{"start":{"line":326,"column":6},"end":{"line":328,"column":7}}]},"16":{"loc":{"start":{"line":330,"column":6},"end":{"line":332,"column":7}},"type":"if","locations":[{"start":{"line":330,"column":6},"end":{"line":332,"column":7}}]},"17":{"loc":{"start":{"line":333,"column":6},"end":{"line":335,"column":7}},"type":"if","locations":[{"start":{"line":333,"column":6},"end":{"line":335,"column":7}}]},"18":{"loc":{"start":{"line":336,"column":6},"end":{"line":338,"column":7}},"type":"if","locations":[{"start":{"line":336,"column":6},"end":{"line":338,"column":7}}]},"19":{"loc":{"start":{"line":339,"column":6},"end":{"line":341,"column":7}},"type":"if","locations":[{"start":{"line":339,"column":6},"end":{"line":341,"column":7}}]},"20":{"loc":{"start":{"line":342,"column":6},"end":{"line":344,"column":7}},"type":"if","locations":[{"start":{"line":342,"column":6},"end":{"line":344,"column":7}}]},"21":{"loc":{"start":{"line":345,"column":6},"end":{"line":349,"column":7}},"type":"if","locations":[{"start":{"line":345,"column":6},"end":{"line":349,"column":7}},{"start":{"line":347,"column":13},"end":{"line":349,"column":7}}]},"22":{"loc":{"start":{"line":350,"column":6},"end":{"line":355,"column":7}},"type":"if","locations":[{"start":{"line":350,"column":6},"end":{"line":355,"column":7}},{"start":{"line":352,"column":13},"end":{"line":355,"column":7}}]},"23":{"loc":{"start":{"line":396,"column":6},"end":{"line":398,"column":7}},"type":"if","locations":[{"start":{"line":396,"column":6},"end":{"line":398,"column":7}}]},"24":{"loc":{"start":{"line":399,"column":6},"end":{"line":401,"column":7}},"type":"if","locations":[{"start":{"line":399,"column":6},"end":{"line":401,"column":7}}]},"25":{"loc":{"start":{"line":403,"column":6},"end":{"line":405,"column":7}},"type":"if","locations":[{"start":{"line":403,"column":6},"end":{"line":405,"column":7}}]},"26":{"loc":{"start":{"line":406,"column":6},"end":{"line":408,"column":7}},"type":"if","locations":[{"start":{"line":406,"column":6},"end":{"line":408,"column":7}}]},"27":{"loc":{"start":{"line":409,"column":6},"end":{"line":411,"column":7}},"type":"if","locations":[{"start":{"line":409,"column":6},"end":{"line":411,"column":7}}]},"28":{"loc":{"start":{"line":412,"column":6},"end":{"line":414,"column":7}},"type":"if","locations":[{"start":{"line":412,"column":6},"end":{"line":414,"column":7}}]},"29":{"loc":{"start":{"line":415,"column":6},"end":{"line":417,"column":7}},"type":"if","locations":[{"start":{"line":415,"column":6},"end":{"line":417,"column":7}}]},"30":{"loc":{"start":{"line":418,"column":6},"end":{"line":423,"column":7}},"type":"if","locations":[{"start":{"line":418,"column":6},"end":{"line":423,"column":7}},{"start":{"line":420,"column":13},"end":{"line":423,"column":7}}]},"31":{"loc":{"start":{"line":467,"column":6},"end":{"line":469,"column":7}},"type":"if","locations":[{"start":{"line":467,"column":6},"end":{"line":469,"column":7}}]},"32":{"loc":{"start":{"line":470,"column":6},"end":{"line":472,"column":7}},"type":"if","locations":[{"start":{"line":470,"column":6},"end":{"line":472,"column":7}}]},"33":{"loc":{"start":{"line":474,"column":6},"end":{"line":476,"column":7}},"type":"if","locations":[{"start":{"line":474,"column":6},"end":{"line":476,"column":7}}]},"34":{"loc":{"start":{"line":501,"column":6},"end":{"line":503,"column":7}},"type":"if","locations":[{"start":{"line":501,"column":6},"end":{"line":503,"column":7}}]},"35":{"loc":{"start":{"line":504,"column":6},"end":{"line":506,"column":7}},"type":"if","locations":[{"start":{"line":504,"column":6},"end":{"line":506,"column":7}}]},"36":{"loc":{"start":{"line":508,"column":6},"end":{"line":510,"column":7}},"type":"if","locations":[{"start":{"line":508,"column":6},"end":{"line":510,"column":7}}]},"37":{"loc":{"start":{"line":523,"column":6},"end":{"line":530,"column":7}},"type":"if","locations":[{"start":{"line":523,"column":6},"end":{"line":530,"column":7}}]},"38":{"loc":{"start":{"line":526,"column":8},"end":{"line":528,"column":9}},"type":"if","locations":[{"start":{"line":526,"column":8},"end":{"line":528,"column":9}}]},"39":{"loc":{"start":{"line":532,"column":6},"end":{"line":535,"column":7}},"type":"if","locations":[{"start":{"line":532,"column":6},"end":{"line":535,"column":7}}]}},"s":{"0":1,"1":1,"2":1,"3":1,"4":1,"5":1,"6":1,"7":1,"8":1,"9":1,"10":0,"11":0,"12":0,"13":0,"14":0,"15":0,"16":0,"17":0,"18":0,"19":0,"20":0,"21":0,"22":0,"23":0,"24":0,"25":0,"26":0,"27":0,"28":0,"29":0,"30":0,"31":0,"32":0,"33":0,"34":0,"35":0,"36":0,"37":0,"38":0,"39":0,"40":0,"41":0,"42":0,"43":0,"44":0,"45":0,"46":0,"47":0,"48":0,"49":0,"50":0,"51":0,"52":0,"53":0,"54":0,"55":0,"56":0,"57":0,"58":0,"59":0,"60":0,"61":0,"62":0,"63":0,"64":0,"65":0,"66":0,"67":0,"68":0,"69":0,"70":0,"71":0,"72":0,"73":0,"74":0,"75":0,"76":0,"77":0,"78":0,"79":0,"80":0,"81":0,"82":0,"83":0,"84":0,"85":0,"86":0,"87":0,"88":0,"89":0,"90":0,"91":0,"92":0,"93":0,"94":0,"95":0,"96":0,"97":0,"98":0,"99":0,"100":0,"101":0,"102":0,"103":0,"104":0,"105":0,"106":0,"107":0,"108":0,"109":0,"110":0,"111":0,"112":0,"113":0,"114":0,"115":0,"116":0,"117":0,"118":0,"119":0,"120":0,"121":0,"122":0,"123":0,"124":0,"125":0,"126":0,"127":0,"128":0,"129":0,"130":0,"131":0,"132":0,"133":0,"134":0,"135":0,"136":0,"137":0,"138":0,"139":0,"140":0,"141":0,"142":0,"143":0,"144":0,"145":0,"146":0,"147":0,"148":0,"149":0,"150":0,"151":0,"152":0,"153":0,"154":0,"155":0,"156":0,"157":0,"158":0,"159":0,"160":0,"161":0,"162":0,"163":0,"164":0,"165":0,"166":0,"167":0,"168":0,"169":0,"170":0,"171":0,"172":0,"173":0,"174":0,"175":0,"176":0,"177":0,"178":0,"179":0,"180":0,"181":0,"182":0,"183":0,"184":0,"185":0,"186":0,"187":0,"188":0,"189":0,"190":0,"191":0,"192":0,"193":0,"194":0,"195":0,"196":0,"197":0,"198":0,"199":0,"200":0,"201":0,"202":0,"203":0,"204":0,"205":0,"206":0,"207":0,"208":0,"209":0,"210":0,"211":0,"212":0,"213":0,"214":0,"215":0,"216":0,"217":0,"218":0,"219":0,"220":0,"221":0,"222":0,"223":0,"224":0,"225":0,"226":0,"227":0,"228":0,"229":0,"230":0,"231":0,"232":0,"233":0,"234":0,"235":0,"236":0,"237":0,"238":0,"239":0,"240":0,"241":0,"242":0,"243":0,"244":0,"245":0,"246":0,"247":0,"248":0,"249":0,"250":0,"251":0,"252":0,"253":0,"254":0,"255":0,"256":0,"257":0,"258":0,"259":1,"260":1},"f":{"0":0,"1":0,"2":0,"3":0,"4":0,"5":0,"6":0,"7":0,"8":0,"9":0,"10":0,"11":0,"12":0,"13":0,"14":0,"15":0,"16":0,"17":0,"18":0,"19":0,"20":0,"21":0},"b":{"0":[0],"1":[0],"2":[0],"3":[0],"4":[0],"5":[0],"6":[0],"7":[0],"8":[0],"9":[0],"10":[0],"11":[0],"12":[0],"13":[0],"14":[0],"15":[0],"16":[0],"17":[0],"18":[0],"19":[0],"20":[0],"21":[0,0],"22":[0,0],"23":[0],"24":[0],"25":[0],"26":[0],"27":[0],"28":[0],"29":[0],"30":[0,0],"31":[0],"32":[0],"33":[0],"34":[0],"35":[0],"36":[0],"37":[0],"38":[0],"39":[0]}}
,"/Users/bubblegum/project/boundary-condition/src/article/dto/create-article-with-image.dto.ts": {"path":"/Users/bubblegum/project/boundary-condition/src/article/dto/create-article-with-image.dto.ts","statementMap":{"0":{"start":{"line":1,"column":0},"end":{"line":1,"column":46}},"1":{"start":{"line":2,"column":0},"end":{"line":2,"column":46}},"2":{"start":{"line":3,"column":0},"end":{"line":3,"column":55}},"3":{"start":{"line":5,"column":0},"end":{"line":5,"column":21}},"4":{"start":{"line":12,"column":2},"end":{"line":12,"column":null}},"5":{"start":{"line":20,"column":2},"end":{"line":20,"column":null}},"6":{"start":{"line":28,"column":2},"end":{"line":28,"column":null}},"7":{"start":{"line":36,"column":2},"end":{"line":36,"column":null}},"8":{"start":{"line":45,"column":2},"end":{"line":45,"column":null}},"9":{"start":{"line":44,"column":28},"end":{"line":44,"column":62}},"10":{"start":{"line":53,"column":2},"end":{"line":53,"column":null}}},"fnMap":{"0":{"name":"(anonymous_2)","decl":{"start":{"line":44,"column":13},"end":{"line":44,"column":14}},"loc":{"start":{"line":44,"column":28},"end":{"line":44,"column":62}}}},"branchMap":{"0":{"loc":{"start":{"line":44,"column":28},"end":{"line":44,"column":62}},"type":"binary-expr","locations":[{"start":{"line":44,"column":28},"end":{"line":44,"column":44}},{"start":{"line":44,"column":48},"end":{"line":44,"column":62}}]}},"s":{"0":0,"1":0,"2":0,"3":0,"4":0,"5":0,"6":0,"7":0,"8":0,"9":0,"10":0},"f":{"0":0},"b":{"0":[0,0]}}
,"/Users/bubblegum/project/boundary-condition/src/article/dto/create-article-with-link.dto.ts": {"path":"/Users/bubblegum/project/boundary-condition/src/article/dto/create-article-with-link.dto.ts","statementMap":{"0":{"start":{"line":1,"column":0},"end":{"line":1,"column":46}},"1":{"start":{"line":2,"column":0},"end":{"line":2,"column":46}},"2":{"start":{"line":3,"column":0},"end":{"line":3,"column":66}},"3":{"start":{"line":5,"column":0},"end":{"line":5,"column":13}},"4":{"start":{"line":12,"column":2},"end":{"line":12,"column":null}},"5":{"start":{"line":20,"column":2},"end":{"line":20,"column":null}},"6":{"start":{"line":28,"column":2},"end":{"line":28,"column":null}},"7":{"start":{"line":36,"column":2},"end":{"line":36,"column":null}},"8":{"start":{"line":44,"column":2},"end":{"line":44,"column":null}},"9":{"start":{"line":53,"column":2},"end":{"line":53,"column":null}},"10":{"start":{"line":48,"column":28},"end":{"line":48,"column":62}}},"fnMap":{"0":{"name":"(anonymous_2)","decl":{"start":{"line":48,"column":13},"end":{"line":48,"column":14}},"loc":{"start":{"line":48,"column":28},"end":{"line":48,"column":62}}}},"branchMap":{"0":{"loc":{"start":{"line":48,"column":28},"end":{"line":48,"column":62}},"type":"binary-expr","locations":[{"start":{"line":48,"column":28},"end":{"line":48,"column":44}},{"start":{"line":48,"column":48},"end":{"line":48,"column":62}}]}},"s":{"0":0,"1":0,"2":0,"3":0,"4":0,"5":0,"6":0,"7":0,"8":0,"9":0,"10":0},"f":{"0":0},"b":{"0":[0,0]}}
,"/Users/bubblegum/project/boundary-condition/src/article/dto/create-article.dto.ts": {"path":"/Users/bubblegum/project/boundary-condition/src/article/dto/create-article.dto.ts","statementMap":{"0":{"start":{"line":1,"column":0},"end":{"line":1,"column":13}}},"fnMap":{},"branchMap":{},"s":{"0":0},"f":{},"b":{}}
,"/Users/bubblegum/project/boundary-condition/src/article/dto/find-article-query.dto.ts": {"path":"/Users/bubblegum/project/boundary-condition/src/article/dto/find-article-query.dto.ts","statementMap":{"0":{"start":{"line":1,"column":0},"end":{"line":1,"column":46}},"1":{"start":{"line":2,"column":0},"end":{"line":2,"column":46}},"2":{"start":{"line":3,"column":0},"end":{"line":3,"column":55}},"3":{"start":{"line":5,"column":0},"end":{"line":5,"column":21}},"4":{"start":{"line":13,"column":2},"end":{"line":13,"column":null}},"5":{"start":{"line":12,"column":28},"end":{"line":12,"column":41}},"6":{"start":{"line":22,"column":2},"end":{"line":22,"column":null}},"7":{"start":{"line":21,"column":28},"end":{"line":21,"column":41}}},"fnMap":{"0":{"name":"(anonymous_2)","decl":{"start":{"line":12,"column":13},"end":{"line":12,"column":14}},"loc":{"start":{"line":12,"column":28},"end":{"line":12,"column":41}}},"1":{"name":"(anonymous_3)","decl":{"start":{"line":21,"column":13},"end":{"line":21,"column":14}},"loc":{"start":{"line":21,"column":28},"end":{"line":21,"column":41}}}},"branchMap":{},"s":{"0":0,"1":0,"2":0,"3":0,"4":0,"5":0,"6":0,"7":0},"f":{"0":0,"1":0},"b":{}}
,"/Users/bubblegum/project/boundary-condition/src/article/dto/find-articles.dto.ts": {"path":"/Users/bubblegum/project/boundary-condition/src/article/dto/find-articles.dto.ts","statementMap":{"0":{"start":{"line":1,"column":0},"end":{"line":1,"column":46}},"1":{"start":{"line":3,"column":0},"end":{"line":3,"column":21}},"2":{"start":{"line":5,"column":2},"end":{"line":5,"column":null}},"3":{"start":{"line":8,"column":2},"end":{"line":8,"column":null}},"4":{"start":{"line":11,"column":2},"end":{"line":11,"column":null}},"5":{"start":{"line":14,"column":2},"end":{"line":14,"column":null}},"6":{"start":{"line":20,"column":2},"end":{"line":20,"column":null}},"7":{"start":{"line":23,"column":2},"end":{"line":23,"column":null}}},"fnMap":{},"branchMap":{},"s":{"0":0,"1":0,"2":0,"3":0,"4":0,"5":0,"6":0,"7":0},"f":{},"b":{}}
,"/Users/bubblegum/project/boundary-condition/src/article/dto/search-article-query.dto.ts": {"path":"/Users/bubblegum/project/boundary-condition/src/article/dto/search-article-query.dto.ts","statementMap":{"0":{"start":{"line":1,"column":0},"end":{"line":1,"column":46}},"1":{"start":{"line":2,"column":0},"end":{"line":2,"column":46}},"2":{"start":{"line":3,"column":0},"end":{"line":3,"column":77}},"3":{"start":{"line":5,"column":0},"end":{"line":5,"column":13}},"4":{"start":{"line":13,"column":2},"end":{"line":13,"column":null}},"5":{"start":{"line":22,"column":2},"end":{"line":22,"column":null}},"6":{"start":{"line":28,"column":2},"end":{"line":28,"column":null}},"7":{"start":{"line":27,"column":28},"end":{"line":27,"column":41}},"8":{"start":{"line":38,"column":2},"end":{"line":38,"column":null}},"9":{"start":{"line":37,"column":28},"end":{"line":37,"column":41}}},"fnMap":{"0":{"name":"(anonymous_2)","decl":{"start":{"line":27,"column":13},"end":{"line":27,"column":14}},"loc":{"start":{"line":27,"column":28},"end":{"line":27,"column":41}}},"1":{"name":"(anonymous_3)","decl":{"start":{"line":37,"column":13},"end":{"line":37,"column":14}},"loc":{"start":{"line":37,"column":28},"end":{"line":37,"column":41}}}},"branchMap":{},"s":{"0":0,"1":0,"2":0,"3":0,"4":0,"5":0,"6":0,"7":0,"8":0,"9":0},"f":{"0":0,"1":0},"b":{}}
,"/Users/bubblegum/project/boundary-condition/src/article/dto/update-article-with-image.dto.ts": {"path":"/Users/bubblegum/project/boundary-condition/src/article/dto/update-article-with-image.dto.ts","statementMap":{"0":{"start":{"line":1,"column":0},"end":{"line":1,"column":78}},"1":{"start":{"line":2,"column":0},"end":{"line":2,"column":46}},"2":{"start":{"line":3,"column":0},"end":{"line":3,"column":46}},"3":{"start":{"line":5,"column":0},"end":{"line":5,"column":21}},"4":{"start":{"line":13,"column":2},"end":{"line":13,"column":null}},"5":{"start":{"line":22,"column":2},"end":{"line":22,"column":null}},"6":{"start":{"line":31,"column":2},"end":{"line":31,"column":null}},"7":{"start":{"line":40,"column":2},"end":{"line":40,"column":null}},"8":{"start":{"line":50,"column":2},"end":{"line":50,"column":null}},"9":{"start":{"line":49,"column":28},"end":{"line":49,"column":62}},"10":{"start":{"line":58,"column":2},"end":{"line":58,"column":null}}},"fnMap":{"0":{"name":"(anonymous_2)","decl":{"start":{"line":49,"column":13},"end":{"line":49,"column":14}},"loc":{"start":{"line":49,"column":28},"end":{"line":49,"column":62}}}},"branchMap":{"0":{"loc":{"start":{"line":49,"column":28},"end":{"line":49,"column":62}},"type":"binary-expr","locations":[{"start":{"line":49,"column":28},"end":{"line":49,"column":44}},{"start":{"line":49,"column":48},"end":{"line":49,"column":62}}]}},"s":{"0":0,"1":0,"2":0,"3":0,"4":0,"5":0,"6":0,"7":0,"8":0,"9":0,"10":0},"f":{"0":0},"b":{"0":[0,0]}}
,"/Users/bubblegum/project/boundary-condition/src/article/dto/update-article-with-link.dto.ts": {"path":"/Users/bubblegum/project/boundary-condition/src/article/dto/update-article-with-link.dto.ts","statementMap":{"0":{"start":{"line":1,"column":0},"end":{"line":1,"column":66}},"1":{"start":{"line":2,"column":0},"end":{"line":2,"column":46}},"2":{"start":{"line":3,"column":0},"end":{"line":3,"column":46}},"3":{"start":{"line":5,"column":0},"end":{"line":5,"column":13}},"4":{"start":{"line":13,"column":2},"end":{"line":13,"column":null}},"5":{"start":{"line":22,"column":2},"end":{"line":22,"column":null}},"6":{"start":{"line":31,"column":2},"end":{"line":31,"column":null}},"7":{"start":{"line":39,"column":2},"end":{"line":39,"column":null}},"8":{"start":{"line":48,"column":2},"end":{"line":48,"column":null}},"9":{"start":{"line":58,"column":2},"end":{"line":58,"column":null}},"10":{"start":{"line":57,"column":28},"end":{"line":57,"column":62}}},"fnMap":{"0":{"name":"(anonymous_2)","decl":{"start":{"line":57,"column":13},"end":{"line":57,"column":14}},"loc":{"start":{"line":57,"column":28},"end":{"line":57,"column":62}}}},"branchMap":{"0":{"loc":{"start":{"line":57,"column":28},"end":{"line":57,"column":62}},"type":"binary-expr","locations":[{"start":{"line":57,"column":28},"end":{"line":57,"column":44}},{"start":{"line":57,"column":48},"end":{"line":57,"column":62}}]}},"s":{"0":0,"1":0,"2":0,"3":0,"4":0,"5":0,"6":0,"7":0,"8":0,"9":0,"10":0},"f":{"0":0},"b":{"0":[0,0]}}
,"/Users/bubblegum/project/boundary-condition/src/article/dto/update-article.dto.ts": {"path":"/Users/bubblegum/project/boundary-condition/src/article/dto/update-article.dto.ts","statementMap":{"0":{"start":{"line":1,"column":0},"end":{"line":1,"column":21}}},"fnMap":{},"branchMap":{},"s":{"0":0},"f":{},"b":{}}
,"/Users/bubblegum/project/boundary-condition/src/article/dto/update-exposable.dto.ts": {"path":"/Users/bubblegum/project/boundary-condition/src/article/dto/update-exposable.dto.ts","statementMap":{"0":{"start":{"line":1,"column":0},"end":{"line":1,"column":46}},"1":{"start":{"line":2,"column":0},"end":{"line":2,"column":46}},"2":{"start":{"line":3,"column":0},"end":{"line":3,"column":56}},"3":{"start":{"line":5,"column":0},"end":{"line":5,"column":21}},"4":{"start":{"line":10,"column":2},"end":{"line":10,"column":null}},"5":{"start":{"line":8,"column":28},"end":{"line":8,"column":62}}},"fnMap":{"0":{"name":"(anonymous_2)","decl":{"start":{"line":8,"column":13},"end":{"line":8,"column":14}},"loc":{"start":{"line":8,"column":28},"end":{"line":8,"column":62}}}},"branchMap":{"0":{"loc":{"start":{"line":8,"column":28},"end":{"line":8,"column":62}},"type":"binary-expr","locations":[{"start":{"line":8,"column":28},"end":{"line":8,"column":44}},{"start":{"line":8,"column":48},"end":{"line":8,"column":62}}]}},"s":{"0":0,"1":0,"2":0,"3":0,"4":0,"5":0},"f":{"0":0},"b":{"0":[0,0]}}
,"/Users/bubblegum/project/boundary-condition/src/article/entities/article.entity.ts": {"path":"/Users/bubblegum/project/boundary-condition/src/article/entities/article.entity.ts","statementMap":{"0":{"start":{"line":1,"column":0},"end":{"line":1,"column":null}},"1":{"start":{"line":9,"column":0},"end":{"line":9,"column":43}},"2":{"start":{"line":10,"column":0},"end":{"line":10,"column":63}},"3":{"start":{"line":13,"column":15},"end":{"line":48,"column":null}},"4":{"start":{"line":15,"column":2},"end":{"line":15,"column":null}},"5":{"start":{"line":18,"column":2},"end":{"line":18,"column":null}},"6":{"start":{"line":21,"column":2},"end":{"line":21,"column":null}},"7":{"start":{"line":24,"column":2},"end":{"line":24,"column":null}},"8":{"start":{"line":27,"column":2},"end":{"line":27,"column":null}},"9":{"start":{"line":30,"column":2},"end":{"line":30,"column":null}},"10":{"start":{"line":33,"column":2},"end":{"line":33,"column":null}},"11":{"start":{"line":36,"column":2},"end":{"line":36,"column":null}},"12":{"start":{"line":39,"column":2},"end":{"line":39,"column":null}},"13":{"start":{"line":43,"column":2},"end":{"line":43,"column":null}},"14":{"start":{"line":41,"column":18},"end":{"line":41,"column":27}},"15":{"start":{"line":41,"column":44},"end":{"line":41,"column":61}},"16":{"start":{"line":47,"column":2},"end":{"line":47,"column":null}},"17":{"start":{"line":45,"column":18},"end":{"line":45,"column":26}},"18":{"start":{"line":45,"column":42},"end":{"line":45,"column":58}},"19":{"start":{"line":13,"column":21},"end":{"line":48,"column":null}},"20":{"start":{"line":13,"column":21},"end":{"line":13,"column":null}}},"fnMap":{"0":{"name":"(anonymous_3)","decl":{"start":{"line":41,"column":12},"end":{"line":41,"column":15}},"loc":{"start":{"line":41,"column":18},"end":{"line":41,"column":27}}},"1":{"name":"(anonymous_4)","decl":{"start":{"line":41,"column":29},"end":{"line":41,"column":30}},"loc":{"start":{"line":41,"column":44},"end":{"line":41,"column":61}}},"2":{"name":"(anonymous_5)","decl":{"start":{"line":45,"column":12},"end":{"line":45,"column":15}},"loc":{"start":{"line":45,"column":18},"end":{"line":45,"column":26}}},"3":{"name":"(anonymous_6)","decl":{"start":{"line":45,"column":28},"end":{"line":45,"column":29}},"loc":{"start":{"line":45,"column":42},"end":{"line":45,"column":58}}}},"branchMap":{},"s":{"0":2,"1":2,"2":2,"3":2,"4":2,"5":2,"6":2,"7":2,"8":2,"9":2,"10":2,"11":2,"12":2,"13":2,"14":0,"15":0,"16":2,"17":0,"18":0,"19":2,"20":2},"f":{"0":0,"1":0,"2":0,"3":0},"b":{}}
,"/Users/bubblegum/project/boundary-condition/src/article/entities/thumbnail.entity.ts": {"path":"/Users/bubblegum/project/boundary-condition/src/article/entities/thumbnail.entity.ts","statementMap":{"0":{"start":{"line":1,"column":0},"end":{"line":1,"column":75}},"1":{"start":{"line":2,"column":0},"end":{"line":2,"column":39}},"2":{"start":{"line":5,"column":15},"end":{"line":14,"column":null}},"3":{"start":{"line":7,"column":2},"end":{"line":7,"column":null}},"4":{"start":{"line":10,"column":2},"end":{"line":10,"column":null}},"5":{"start":{"line":13,"column":2},"end":{"line":13,"column":null}},"6":{"start":{"line":12,"column":18},"end":{"line":12,"column":25}},"7":{"start":{"line":12,"column":40},"end":{"line":12,"column":57}},"8":{"start":{"line":5,"column":21},"end":{"line":14,"column":null}},"9":{"start":{"line":5,"column":21},"end":{"line":5,"column":null}}},"fnMap":{"0":{"name":"(anonymous_3)","decl":{"start":{"line":12,"column":12},"end":{"line":12,"column":15}},"loc":{"start":{"line":12,"column":18},"end":{"line":12,"column":25}}},"1":{"name":"(anonymous_4)","decl":{"start":{"line":12,"column":27},"end":{"line":12,"column":28}},"loc":{"start":{"line":12,"column":40},"end":{"line":12,"column":57}}}},"branchMap":{},"s":{"0":2,"1":2,"2":2,"3":2,"4":2,"5":2,"6":0,"7":0,"8":2,"9":2},"f":{"0":0,"1":0},"b":{}}
,"/Users/bubblegum/project/boundary-condition/src/auth/auth.controller.ts": {"path":"/Users/bubblegum/project/boundary-condition/src/auth/auth.controller.ts","statementMap":{"0":{"start":{"line":1,"column":0},"end":{"line":1,"column":78}},"1":{"start":{"line":2,"column":0},"end":{"line":2,"column":45}},"2":{"start":{"line":3,"column":0},"end":{"line":3,"column":52}},"3":{"start":{"line":5,"column":0},"end":{"line":5,"column":78}},"4":{"start":{"line":6,"column":0},"end":{"line":6,"column":52}},"5":{"start":{"line":10,"column":7},"end":{"line":74,"column":null}},"6":{"start":{"line":11,"column":31},"end":{"line":11,"column":44}},"7":{"start":{"line":23,"column":4},"end":{"line":43,"column":5}},"8":{"start":{"line":24,"column":20},"end":{"line":24,"column":59}},"9":{"start":{"line":25,"column":6},"end":{"line":29,"column":9}},"10":{"start":{"line":31,"column":6},"end":{"line":33,"column":9}},"11":{"start":{"line":35,"column":19},"end":{"line":35,"column":31}},"12":{"start":{"line":36,"column":6},"end":{"line":38,"column":7}},"13":{"start":{"line":37,"column":8},"end":{"line":37,"column":40}},"14":{"start":{"line":39,"column":6},"end":{"line":42,"column":9}},"15":{"start":{"line":56,"column":4},"end":{"line":72,"column":5}},"16":{"start":{"line":57,"column":20},"end":{"line":57,"column":59}},"17":{"start":{"line":59,"column":6},"end":{"line":62,"column":9}},"18":{"start":{"line":64,"column":19},"end":{"line":64,"column":31}},"19":{"start":{"line":65,"column":6},"end":{"line":67,"column":7}},"20":{"start":{"line":66,"column":8},"end":{"line":66,"column":40}},"21":{"start":{"line":68,"column":6},"end":{"line":71,"column":9}},"22":{"start":{"line":10,"column":13},"end":{"line":10,"column":27}},"23":{"start":{"line":22,"column":8},"end":{"line":44,"column":null}},"24":{"start":{"line":55,"column":8},"end":{"line":73,"column":null}},"25":{"start":{"line":10,"column":13},"end":{"line":74,"column":null}}},"fnMap":{"0":{"name":"(anonymous_5)","decl":{"start":{"line":11,"column":2},"end":{"line":11,"column":31}},"loc":{"start":{"line":11,"column":55},"end":{"line":11,"column":59}}},"1":{"name":"(anonymous_6)","decl":{"start":{"line":22,"column":2},"end":{"line":22,"column":7}},"loc":{"start":{"line":22,"column":69},"end":{"line":44,"column":3}}},"2":{"name":"(anonymous_7)","decl":{"start":{"line":55,"column":2},"end":{"line":55,"column":7}},"loc":{"start":{"line":55,"column":69},"end":{"line":73,"column":3}}}},"branchMap":{"0":{"loc":{"start":{"line":36,"column":6},"end":{"line":38,"column":7}},"type":"if","locations":[{"start":{"line":36,"column":6},"end":{"line":38,"column":7}}]},"1":{"loc":{"start":{"line":65,"column":6},"end":{"line":67,"column":7}},"type":"if","locations":[{"start":{"line":65,"column":6},"end":{"line":67,"column":7}}]}},"s":{"0":0,"1":0,"2":0,"3":0,"4":0,"5":0,"6":0,"7":0,"8":0,"9":0,"10":0,"11":0,"12":0,"13":0,"14":0,"15":0,"16":0,"17":0,"18":0,"19":0,"20":0,"21":0,"22":0,"23":0,"24":0,"25":0},"f":{"0":0,"1":0,"2":0},"b":{"0":[0],"1":[0]}}
,"/Users/bubblegum/project/boundary-condition/src/auth/auth.module.ts": {"path":"/Users/bubblegum/project/boundary-condition/src/auth/auth.module.ts","statementMap":{"0":{"start":{"line":1,"column":0},"end":{"line":1,"column":40}},"1":{"start":{"line":2,"column":0},"end":{"line":2,"column":45}},"2":{"start":{"line":3,"column":0},"end":{"line":3,"column":51}},"3":{"start":{"line":4,"column":0},"end":{"line":4,"column":48}},"4":{"start":{"line":5,"column":0},"end":{"line":5,"column":48}},"5":{"start":{"line":6,"column":0},"end":{"line":6,"column":40}},"6":{"start":{"line":7,"column":0},"end":{"line":7,"column":61}},"7":{"start":{"line":8,"column":0},"end":{"line":8,"column":49}},"8":{"start":{"line":9,"column":0},"end":{"line":9,"column":51}},"9":{"start":{"line":10,"column":0},"end":{"line":10,"column":48}},"10":{"start":{"line":11,"column":0},"end":{"line":11,"column":56}},"11":{"start":{"line":32,"column":7},"end":{"line":32,"column":null}},"12":{"start":{"line":32,"column":13},"end":{"line":32,"column":23}},"13":{"start":{"line":32,"column":13},"end":{"line":32,"column":null}},"14":{"start":{"line":19,"column":53},"end":{"line":24,"column":8}}},"fnMap":{"0":{"name":"(anonymous_2)","decl":{"start":{"line":19,"column":18},"end":{"line":19,"column":19}},"loc":{"start":{"line":19,"column":53},"end":{"line":24,"column":8}}}},"branchMap":{},"s":{"0":0,"1":0,"2":0,"3":0,"4":0,"5":0,"6":0,"7":0,"8":0,"9":0,"10":0,"11":0,"12":0,"13":0,"14":0},"f":{"0":0},"b":{}}
,"/Users/bubblegum/project/boundary-condition/src/auth/auth.service.ts": {"path":"/Users/bubblegum/project/boundary-condition/src/auth/auth.service.ts","statementMap":{"0":{"start":{"line":1,"column":0},"end":{"line":1,"column":null}},"1":{"start":{"line":8,"column":0},"end":{"line":8,"column":51}},"2":{"start":{"line":9,"column":0},"end":{"line":9,"column":47}},"3":{"start":{"line":10,"column":0},"end":{"line":10,"column":41}},"4":{"start":{"line":14,"column":7},"end":{"line":92,"column":null}},"5":{"start":{"line":16,"column":21},"end":{"line":16,"column":34}},"6":{"start":{"line":17,"column":21},"end":{"line":17,"column":36}},"7":{"start":{"line":18,"column":21},"end":{"line":18,"column":33}},"8":{"start":{"line":22,"column":4},"end":{"line":34,"column":5}},"9":{"start":{"line":23,"column":22},"end":{"line":27,"column":8}},"10":{"start":{"line":28,"column":6},"end":{"line":28,"column":40}},"11":{"start":{"line":29,"column":20},"end":{"line":29,"column":49}},"12":{"start":{"line":31,"column":6},"end":{"line":31,"column":19}},"13":{"start":{"line":33,"column":6},"end":{"line":33,"column":18}},"14":{"start":{"line":38,"column":4},"end":{"line":65,"column":5}},"15":{"start":{"line":39,"column":50},"end":{"line":39,"column":53}},"16":{"start":{"line":40,"column":19},"end":{"line":48,"column":8}},"17":{"start":{"line":49,"column":22},"end":{"line":49,"column":67}},"18":{"start":{"line":51,"column":6},"end":{"line":53,"column":7}},"19":{"start":{"line":52,"column":8},"end":{"line":52,"column":57}},"20":{"start":{"line":55,"column":20},"end":{"line":55,"column":61}},"21":{"start":{"line":56,"column":19},"end":{"line":56,"column":59}},"22":{"start":{"line":57,"column":27},"end":{"line":59,"column":null}},"23":{"start":{"line":62,"column":6},"end":{"line":62,"column":25}},"24":{"start":{"line":64,"column":6},"end":{"line":64,"column":18}},"25":{"start":{"line":69,"column":4},"end":{"line":90,"column":5}},"26":{"start":{"line":70,"column":34},"end":{"line":70,"column":37}},"27":{"start":{"line":71,"column":19},"end":{"line":71,"column":64}},"28":{"start":{"line":72,"column":6},"end":{"line":74,"column":7}},"29":{"start":{"line":73,"column":8},"end":{"line":73,"column":54}},"30":{"start":{"line":75,"column":25},"end":{"line":77,"column":null}},"31":{"start":{"line":79,"column":6},"end":{"line":81,"column":7}},"32":{"start":{"line":80,"column":8},"end":{"line":80,"column":60}},"33":{"start":{"line":82,"column":20},"end":{"line":82,"column":64}},"34":{"start":{"line":83,"column":6},"end":{"line":85,"column":7}},"35":{"start":{"line":84,"column":8},"end":{"line":84,"column":57}},"36":{"start":{"line":86,"column":20},"end":{"line":86,"column":64}},"37":{"start":{"line":87,"column":6},"end":{"line":87,"column":19}},"38":{"start":{"line":89,"column":6},"end":{"line":89,"column":18}},"39":{"start":{"line":14,"column":13},"end":{"line":14,"column":24}},"40":{"start":{"line":14,"column":13},"end":{"line":92,"column":null}}},"fnMap":{"0":{"name":"(anonymous_2)","decl":{"start":{"line":15,"column":2},"end":{"line":15,"column":null}},"loc":{"start":{"line":18,"column":43},"end":{"line":19,"column":6}}},"1":{"name":"(anonymous_3)","decl":{"start":{"line":21,"column":2},"end":{"line":21,"column":7}},"loc":{"start":{"line":21,"column":61},"end":{"line":35,"column":3}}},"2":{"name":"(anonymous_4)","decl":{"start":{"line":37,"column":2},"end":{"line":37,"column":7}},"loc":{"start":{"line":37,"column":39},"end":{"line":66,"column":3}}},"3":{"name":"(anonymous_5)","decl":{"start":{"line":68,"column":2},"end":{"line":68,"column":7}},"loc":{"start":{"line":68,"column":39},"end":{"line":91,"column":3}}}},"branchMap":{"0":{"loc":{"start":{"line":51,"column":6},"end":{"line":53,"column":7}},"type":"if","locations":[{"start":{"line":51,"column":6},"end":{"line":53,"column":7}}]},"1":{"loc":{"start":{"line":72,"column":6},"end":{"line":74,"column":7}},"type":"if","locations":[{"start":{"line":72,"column":6},"end":{"line":74,"column":7}}]},"2":{"loc":{"start":{"line":79,"column":6},"end":{"line":81,"column":7}},"type":"if","locations":[{"start":{"line":79,"column":6},"end":{"line":81,"column":7}}]},"3":{"loc":{"start":{"line":83,"column":6},"end":{"line":85,"column":7}},"type":"if","locations":[{"start":{"line":83,"column":6},"end":{"line":85,"column":7}}]}},"s":{"0":1,"1":1,"2":1,"3":1,"4":1,"5":0,"6":0,"7":0,"8":0,"9":0,"10":0,"11":0,"12":0,"13":0,"14":0,"15":0,"16":0,"17":0,"18":0,"19":0,"20":0,"21":0,"22":0,"23":0,"24":0,"25":0,"26":0,"27":0,"28":0,"29":0,"30":0,"31":0,"32":0,"33":0,"34":0,"35":0,"36":0,"37":0,"38":0,"39":1,"40":1},"f":{"0":0,"1":0,"2":0,"3":0},"b":{"0":[0],"1":[0],"2":[0],"3":[0]}}
,"/Users/bubblegum/project/boundary-condition/src/auth/dto/admin-signin.dto.ts": {"path":"/Users/bubblegum/project/boundary-condition/src/auth/dto/admin-signin.dto.ts","statementMap":{"0":{"start":{"line":1,"column":0},"end":{"line":1,"column":46}},"1":{"start":{"line":2,"column":0},"end":{"line":2,"column":55}},"2":{"start":{"line":4,"column":0},"end":{"line":4,"column":21}},"3":{"start":{"line":11,"column":2},"end":{"line":11,"column":null}},"4":{"start":{"line":19,"column":2},"end":{"line":19,"column":null}}},"fnMap":{},"branchMap":{},"s":{"0":0,"1":0,"2":0,"3":0,"4":0},"f":{},"b":{}}
,"/Users/bubblegum/project/boundary-condition/src/auth/dto/admin-signup.dto.ts": {"path":"/Users/bubblegum/project/boundary-condition/src/auth/dto/admin-signup.dto.ts","statementMap":{"0":{"start":{"line":1,"column":0},"end":{"line":1,"column":46}},"1":{"start":{"line":2,"column":0},"end":{"line":2,"column":55}},"2":{"start":{"line":4,"column":0},"end":{"line":4,"column":21}},"3":{"start":{"line":11,"column":2},"end":{"line":11,"column":null}},"4":{"start":{"line":19,"column":2},"end":{"line":19,"column":null}},"5":{"start":{"line":27,"column":2},"end":{"line":27,"column":null}},"6":{"start":{"line":35,"column":2},"end":{"line":35,"column":null}}},"fnMap":{},"branchMap":{},"s":{"0":0,"1":0,"2":0,"3":0,"4":0,"5":0,"6":0},"f":{},"b":{}}
,"/Users/bubblegum/project/boundary-condition/src/auth/dto/signup.dto.ts": {"path":"/Users/bubblegum/project/boundary-condition/src/auth/dto/signup.dto.ts","statementMap":{"0":{"start":{"line":1,"column":0},"end":{"line":1,"column":21}}},"fnMap":{},"branchMap":{},"s":{"0":0},"f":{},"b":{}}
,"/Users/bubblegum/project/boundary-condition/src/auth/dto/userinfo.dto.ts": {"path":"/Users/bubblegum/project/boundary-condition/src/auth/dto/userinfo.dto.ts","statementMap":{"0":{"start":{"line":1,"column":0},"end":{"line":1,"column":21}}},"fnMap":{},"branchMap":{},"s":{"0":0},"f":{},"b":{}}
,"/Users/bubblegum/project/boundary-condition/src/auth/guards/jwt-auth.guard.ts": {"path":"/Users/bubblegum/project/boundary-condition/src/auth/guards/jwt-auth.guard.ts","statementMap":{"0":{"start":{"line":1,"column":0},"end":{"line":1,"column":null}},"1":{"start":{"line":9,"column":0},"end":{"line":9,"column":41}},"2":{"start":{"line":12,"column":7},"end":{"line":38,"column":null}},"3":{"start":{"line":13,"column":22},"end":{"line":13,"column":34}},"4":{"start":{"line":16,"column":4},"end":{"line":36,"column":5}},"5":{"start":{"line":17,"column":22},"end":{"line":17,"column":57}},"6":{"start":{"line":18,"column":25},"end":{"line":18,"column":57}},"7":{"start":{"line":19,"column":6},"end":{"line":21,"column":7}},"8":{"start":{"line":20,"column":8},"end":{"line":20,"column":56}},"9":{"start":{"line":23,"column":28},"end":{"line":23,"column":49}},"10":{"start":{"line":24,"column":6},"end":{"line":26,"column":7}},"11":{"start":{"line":25,"column":8},"end":{"line":25,"column":59}},"12":{"start":{"line":27,"column":19},"end":{"line":27,"column":48}},"13":{"start":{"line":28,"column":6},"end":{"line":30,"column":7}},"14":{"start":{"line":29,"column":8},"end":{"line":29,"column":53}},"15":{"start":{"line":31,"column":6},"end":{"line":31,"column":26}},"16":{"start":{"line":33,"column":6},"end":{"line":33,"column":18}},"17":{"start":{"line":35,"column":6},"end":{"line":35,"column":18}},"18":{"start":{"line":12,"column":13},"end":{"line":12,"column":25}},"19":{"start":{"line":12,"column":13},"end":{"line":38,"column":null}}},"fnMap":{"0":{"name":"(anonymous_2)","decl":{"start":{"line":13,"column":2},"end":{"line":13,"column":22}},"loc":{"start":{"line":13,"column":44},"end":{"line":13,"column":48}}},"1":{"name":"(anonymous_3)","decl":{"start":{"line":15,"column":2},"end":{"line":15,"column":13}},"loc":{"start":{"line":15,"column":39},"end":{"line":37,"column":3}}}},"branchMap":{"0":{"loc":{"start":{"line":19,"column":6},"end":{"line":21,"column":7}},"type":"if","locations":[{"start":{"line":19,"column":6},"end":{"line":21,"column":7}}]},"1":{"loc":{"start":{"line":24,"column":6},"end":{"line":26,"column":7}},"type":"if","locations":[{"start":{"line":24,"column":6},"end":{"line":26,"column":7}}]},"2":{"loc":{"start":{"line":28,"column":6},"end":{"line":30,"column":7}},"type":"if","locations":[{"start":{"line":28,"column":6},"end":{"line":30,"column":7}}]}},"s":{"0":0,"1":0,"2":0,"3":0,"4":0,"5":0,"6":0,"7":0,"8":0,"9":0,"10":0,"11":0,"12":0,"13":0,"14":0,"15":0,"16":0,"17":0,"18":0,"19":0},"f":{"0":0,"1":0},"b":{"0":[0],"1":[0],"2":[0]}}
[...]
,"/Users/bubblegum/project/boundary-condition/src/map/entities/weather.entity.ts": {"path":"/Users/bubblegum/project/boundary-condition/src/map/entities/weather.entity.ts","statementMap":{"0":{"start":{"line":1,"column":0},"end":{"line":1,"column":null}},"1":{"start":{"line":8,"column":0},"end":{"line":8,"column":51}},"2":{"start":{"line":11,"column":15},"end":{"line":30,"column":null}},"3":{"start":{"line":13,"column":2},"end":{"line":13,"column":null}},"4":{"start":{"line":16,"column":2},"end":{"line":16,"column":null}},"5":{"start":{"line":19,"column":2},"end":{"line":19,"column":null}},"6":{"start":{"line":22,"column":2},"end":{"line":22,"column":null}},"7":{"start":{"line":25,"column":2},"end":{"line":25,"column":null}},"8":{"start":{"line":29,"column":2},"end":{"line":29,"column":null}},"9":{"start":{"line":27,"column":18},"end":{"line":27,"column":29}},"10":{"start":{"line":27,"column":48},"end":{"line":27,"column":67}},"11":{"start":{"line":11,"column":21},"end":{"line":30,"column":null}},"12":{"start":{"line":11,"column":21},"end":{"line":11,"column":null}}},"fnMap":{"0":{"name":"(anonymous_2)","decl":{"start":{"line":27,"column":12},"end":{"line":27,"column":15}},"loc":{"start":{"line":27,"column":18},"end":{"line":27,"column":29}}},"1":{"name":"(anonymous_3)","decl":{"start":{"line":27,"column":31},"end":{"line":27,"column":32}},"loc":{"start":{"line":27,"column":48},"end":{"line":27,"column":67}}}},"branchMap":{},"s":{"0":1,"1":1,"2":1,"3":1,"4":1,"5":1,"6":1,"7":1,"8":1,"9":0,"10":0,"11":1,"12":1},"f":{"0":0,"1":0},"b":{}}
,"/Users/bubblegum/project/boundary-condition/src/map/type/grade-thresholds.type.ts": {"path":"/Users/bubblegum/project/boundary-condition/src/map/type/grade-thresholds.type.ts","statementMap":{"0":{"start":{"line":3,"column":13},"end":{"line":46,"column":2}}},"fnMap":{},"branchMap":{},"s":{"0":0},"f":{},"b":{}}
,"/Users/bubblegum/project/boundary-condition/src/map/type/sido-name.type.ts": {"path":"/Users/bubblegum/project/boundary-condition/src/map/type/sido-name.type.ts","statementMap":{"0":{"start":{"line":1,"column":13},"end":{"line":19,"column":2}}},"fnMap":{},"branchMap":{},"s":{"0":0},"f":{},"b":{}}
,"/Users/bubblegum/project/boundary-condition/src/redis/redis-io-adapter.ts": {"path":"/Users/bubblegum/project/boundary-condition/src/redis/redis-io-adapter.ts","statementMap":{"0":{"start":{"line":1,"column":0},"end":{"line":1,"column":55}},"1":{"start":{"line":3,"column":0},"end":{"line":3,"column":57}},"2":{"start":{"line":4,"column":0},"end":{"line":4,"column":37}},"3":{"start":{"line":5,"column":0},"end":{"line":5,"column":40}},"4":{"start":{"line":12,"column":4},"end":{"line":12,"column":15}},"5":{"start":{"line":9,"column":21},"end":{"line":9,"column":29}},"6":{"start":{"line":10,"column":21},"end":{"line":10,"column":39}},"7":{"start":{"line":16,"column":19},"end":{"line":16,"column":60}},"8":{"start":{"line":19,"column":22},"end":{"line":19,"column":70}},"9":{"start":{"line":20,"column":23},"end":{"line":20,"column":44}},"10":{"start":{"line":22,"column":4},"end":{"line":22,"column":67}},"11":{"start":{"line":23,"column":4},"end":{"line":23,"column":67}},"12":{"start":{"line":25,"column":4},"end":{"line":25,"column":40}},"13":{"start":{"line":30,"column":4},"end":{"line":37,"column":6}},"14":{"start":{"line":39,"column":19},"end":{"line":39,"column":65}},"15":{"start":{"line":40,"column":4},"end":{"line":40,"column":44}},"16":{"start":{"line":42,"column":4},"end":{"line":42,"column":67}},"17":{"start":{"line":43,"column":4},"end":{"line":43,"column":18}},"18":{"start":{"line":7,"column":0},"end":{"line":7,"column":13}}},"fnMap":{"0":{"name":"(anonymous_0)","decl":{"start":{"line":8,"column":2},"end":{"line":8,"column":null}},"loc":{"start":{"line":10,"column":39},"end":{"line":13,"column":3}}},"1":{"name":"(anonymous_1)","decl":{"start":{"line":18,"column":2},"end":{"line":18,"column":7}},"loc":{"start":{"line":18,"column":49},"end":{"line":26,"column":3}}},"2":{"name":"(anonymous_2)","decl":{"start":{"line":29,"column":2},"end":{"line":29,"column":16}},"loc":{"start":{"line":29,"column":54},"end":{"line":44,"column":3}}}},"branchMap":{},"s":{"0":0,"1":0,"2":0,"3":0,"4":0,"5":0,"6":0,"7":0,"8":0,"9":0,"10":0,"11":0,"12":0,"13":0,"14":0,"15":0,"16":0,"17":0,"18":0},"f":{"0":0,"1":0,"2":0},"b":{}}
,"/Users/bubblegum/project/boundary-condition/src/redis/redis.controller.ts": {"path":"/Users/bubblegum/project/boundary-condition/src/redis/redis.controller.ts","statementMap":{"0":{"start":{"line":1,"column":0},"end":{"line":1,"column":44}},"1":{"start":{"line":2,"column":0},"end":{"line":2,"column":47}},"2":{"start":{"line":5,"column":7},"end":{"line":7,"column":null}},"3":{"start":{"line":6,"column":31},"end":{"line":6,"column":45}},"4":{"start":{"line":5,"column":13},"end":{"line":5,"column":28}},"5":{"start":{"line":5,"column":13},"end":{"line":7,"column":null}}},"fnMap":{"0":{"name":"(anonymous_2)","decl":{"start":{"line":6,"column":2},"end":{"line":6,"column":31}},"loc":{"start":{"line":6,"column":57},"end":{"line":6,"column":61}}}},"branchMap":{},"s":{"0":0,"1":0,"2":0,"3":0,"4":0,"5":0},"f":{"0":0},"b":{}}
,"/Users/bubblegum/project/boundary-condition/src/redis/redis.module.ts": {"path":"/Users/bubblegum/project/boundary-condition/src/redis/redis.module.ts","statementMap":{"0":{"start":{"line":1,"column":0},"end":{"line":1,"column":40}},"1":{"start":{"line":2,"column":0},"end":{"line":2,"column":47}},"2":{"start":{"line":3,"column":0},"end":{"line":3,"column":53}},"3":{"start":{"line":9,"column":7},"end":{"line":9,"column":null}},"4":{"start":{"line":9,"column":13},"end":{"line":9,"column":24}},"5":{"start":{"line":9,"column":13},"end":{"line":9,"column":null}}},"fnMap":{},"branchMap":{},"s":{"0":0,"1":0,"2":0,"3":0,"4":0,"5":0},"f":{},"b":{}}
,"/Users/bubblegum/project/boundary-condition/src/redis/redis.service.ts": {"path":"/Users/bubblegum/project/boundary-condition/src/redis/redis.service.ts","statementMap":{"0":{"start":{"line":1,"column":0},"end":{"line":1,"column":44}},"1":{"start":{"line":4,"column":7},"end":{"line":4,"column":null}},"2":{"start":{"line":4,"column":13},"end":{"line":4,"column":25}},"3":{"start":{"line":4,"column":13},"end":{"line":4,"column":null}}},"fnMap":{},"branchMap":{},"s":{"0":0,"1":0,"2":0,"3":0},"f":{},"b":{}}
,"/Users/bubblegum/project/boundary-condition/src/swagger/setupSwagger.ts": {"path":"/Users/bubblegum/project/boundary-condition/src/swagger/setupSwagger.ts","statementMap":{"0":{"start":{"line":4,"column":0},"end":{"line":4,"column":16}},"1":{"start":{"line":2,"column":0},"end":{"line":2,"column":65}},"2":{"start":{"line":5,"column":18},"end":{"line":9,"column":4}},"3":{"start":{"line":11,"column":17},"end":{"line":24,"column":12}},"4":{"start":{"line":26,"column":19},"end":{"line":26,"column":60}},"5":{"start":{"line":27,"column":2},"end":{"line":27,"column":53}}},"fnMap":{"0":{"name":"setupSwagger","decl":{"start":{"line":4,"column":16},"end":{"line":4,"column":28}},"loc":{"start":{"line":4,"column":50},"end":{"line":28,"column":1}}}},"branchMap":{},"s":{"0":0,"1":0,"2":0,"3":0,"4":0,"5":0},"f":{"0":0},"b":{}}
,"/Users/bubblegum/project/boundary-condition/src/user/user.controller.ts": {"path":"/Users/bubblegum/project/boundary-condition/src/user/user.controller.ts","statementMap":{"0":{"start":{"line":1,"column":0},"end":{"line":1,"column":44}},"1":{"start":{"line":2,"column":0},"end":{"line":2,"column":45}},"2":{"start":{"line":5,"column":7},"end":{"line":7,"column":null}},"3":{"start":{"line":6,"column":31},"end":{"line":6,"column":44}},"4":{"start":{"line":5,"column":13},"end":{"line":5,"column":27}},"5":{"start":{"line":5,"column":13},"end":{"line":7,"column":null}}},"fnMap":{"0":{"name":"(anonymous_2)","decl":{"start":{"line":6,"column":2},"end":{"line":6,"column":31}},"loc":{"start":{"line":6,"column":55},"end":{"line":6,"column":59}}}},"branchMap":{},"s":{"0":0,"1":0,"2":0,"3":0,"4":0,"5":0},"f":{"0":0},"b":{}}
,"/Users/bubblegum/project/boundary-condition/src/user/user.module.ts": {"path":"/Users/bubblegum/project/boundary-condition/src/user/user.module.ts","statementMap":{"0":{"start":{"line":1,"column":0},"end":{"line":1,"column":40}},"1":{"start":{"line":2,"column":0},"end":{"line":2,"column":45}},"2":{"start":{"line":3,"column":0},"end":{"line":3,"column":51}},"3":{"start":{"line":4,"column":0},"end":{"line":4,"column":48}},"4":{"start":{"line":5,"column":0},"end":{"line":5,"column":42}},"5":{"start":{"line":6,"column":0},"end":{"line":6,"column":42}},"6":{"start":{"line":7,"column":0},"end":{"line":7,"column":50}},"7":{"start":{"line":15,"column":7},"end":{"line":15,"column":null}},"8":{"start":{"line":15,"column":13},"end":{"line":15,"column":23}},"9":{"start":{"line":15,"column":13},"end":{"line":15,"column":null}}},"fnMap":{},"branchMap":{},"s":{"0":0,"1":0,"2":0,"3":0,"4":0,"5":0,"6":0,"7":0,"8":0,"9":0},"f":{},"b":{}}
,"/Users/bubblegum/project/boundary-condition/src/user/user.service.ts": {"path":"/Users/bubblegum/project/boundary-condition/src/user/user.service.ts","statementMap":{"0":{"start":{"line":1,"column":0},"end":{"line":1,"column":65}},"1":{"start":{"line":3,"column":0},"end":{"line":3,"column":51}},"2":{"start":{"line":4,"column":0},"end":{"line":4,"column":42}},"3":{"start":{"line":5,"column":0},"end":{"line":5,"column":37}},"4":{"start":{"line":6,"column":0},"end":{"line":6,"column":33}},"5":{"start":{"line":8,"column":0},"end":{"line":8,"column":42}},"6":{"start":{"line":9,"column":0},"end":{"line":9,"column":50}},"7":{"start":{"line":13,"column":7},"end":{"line":92,"column":null}},"8":{"start":{"line":16,"column":21},"end":{"line":16,"column":37}},"9":{"start":{"line":18,"column":21},"end":{"line":18,"column":37}},"10":{"start":{"line":20,"column":21},"end":{"line":20,"column":41}},"11":{"start":{"line":24,"column":4},"end":{"line":24,"column":48}},"12":{"start":{"line":28,"column":4},"end":{"line":34,"column":5}},"13":{"start":{"line":29,"column":6},"end":{"line":31,"column":9}},"14":{"start":{"line":33,"column":6},"end":{"line":33,"column":18}},"15":{"start":{"line":38,"column":4},"end":{"line":56,"column":5}},"16":{"start":{"line":39,"column":66},"end":{"line":39,"column":69}},"17":{"start":{"line":40,"column":19},"end":{"line":40,"column":20}},"18":{"start":{"line":41,"column":29},"end":{"line":41,"column":62}},"19":{"start":{"line":42,"column":19},"end":{"line":51,"column":8}},"20":{"start":{"line":53,"column":6},"end":{"line":53,"column":18}},"21":{"start":{"line":55,"column":6},"end":{"line":55,"column":18}},"22":{"start":{"line":60,"column":17},"end":{"line":60,"column":71}},"23":{"start":{"line":61,"column":4},"end":{"line":61,"column":16}},"24":{"start":{"line":65,"column":23},"end":{"line":65,"column":41}},"25":{"start":{"line":66,"column":17},"end":{"line":66,"column":69}},"26":{"start":{"line":67,"column":4},"end":{"line":67,"column":16}},"27":{"start":{"line":71,"column":25},"end":{"line":74,"column":6}},"28":{"start":{"line":76,"column":4},"end":{"line":76,"column":24}},"29":{"start":{"line":80,"column":4},"end":{"line":90,"column":5}},"30":{"start":{"line":81,"column":24},"end":{"line":84,"column":8}},"31":{"start":{"line":85,"column":20},"end":{"line":85,"column":67}},"32":{"start":{"line":85,"column":48},"end":{"line":85,"column":66}},"33":{"start":{"line":86,"column":6},"end":{"line":86,"column":25}},"34":{"start":{"line":87,"column":6},"end":{"line":87,"column":19}},"35":{"start":{"line":89,"column":6},"end":{"line":89,"column":18}},"36":{"start":{"line":13,"column":13},"end":{"line":13,"column":24}},"37":{"start":{"line":13,"column":13},"end":{"line":92,"column":null}}},"fnMap":{"0":{"name":"(anonymous_11)","decl":{"start":{"line":14,"column":2},"end":{"line":14,"column":null}},"loc":{"start":{"line":20,"column":61},"end":{"line":21,"column":6}}},"1":{"name":"(anonymous_12)","decl":{"start":{"line":23,"column":2},"end":{"line":23,"column":7}},"loc":{"start":{"line":23,"column":53},"end":{"line":25,"column":3}}},"2":{"name":"(anonymous_13)","decl":{"start":{"line":27,"column":2},"end":{"line":27,"column":7}},"loc":{"start":{"line":27,"column":37},"end":{"line":35,"column":3}}},"3":{"name":"(anonymous_14)","decl":{"start":{"line":37,"column":2},"end":{"line":37,"column":7}},"loc":{"start":{"line":37,"column":35},"end":{"line":57,"column":3}}},"4":{"name":"(anonymous_15)","decl":{"start":{"line":59,"column":2},"end":{"line":59,"column":7}},"loc":{"start":{"line":59,"column":29},"end":{"line":62,"column":3}}},"5":{"name":"(anonymous_16)","decl":{"start":{"line":64,"column":2},"end":{"line":64,"column":7}},"loc":{"start":{"line":64,"column":29},"end":{"line":68,"column":3}}},"6":{"name":"(anonymous_17)","decl":{"start":{"line":70,"column":2},"end":{"line":70,"column":7}},"loc":{"start":{"line":70,"column":55},"end":{"line":77,"column":3}}},"7":{"name":"(anonymous_18)","decl":{"start":{"line":79,"column":2},"end":{"line":79,"column":7}},"loc":{"start":{"line":79,"column":35},"end":{"line":91,"column":3}}},"8":{"name":"(anonymous_19)","decl":{"start":{"line":85,"column":34},"end":{"line":85,"column":35}},"loc":{"start":{"line":85,"column":48},"end":{"line":85,"column":66}}}},"branchMap":{},"s":{"0":4,"1":4,"2":4,"3":4,"4":4,"5":4,"6":4,"7":4,"8":0,"9":0,"10":0,"11":0,"12":0,"13":0,"14":0,"15":0,"16":0,"17":0,"18":0,"19":0,"20":0,"21":0,"22":0,"23":0,"24":0,"25":0,"26":0,"27":0,"28":0,"29":0,"30":0,"31":0,"32":0,"33":0,"34":0,"35":0,"36":4,"37":4},"f":{"0":0,"1":0,"2":0,"3":0,"4":0,"5":0,"6":0,"7":0,"8":0},"b":{}}
,"/Users/bubblegum/project/boundary-condition/src/user/entities/role.entity.ts": {"path":"/Users/bubblegum/project/boundary-condition/src/user/entities/role.entity.ts","statementMap":{"0":{"start":{"line":1,"column":0},"end":{"line":1,"column":76}},"1":{"start":{"line":2,"column":0},"end":{"line":2,"column":41}},"2":{"start":{"line":5,"column":15},"end":{"line":14,"column":null}},"3":{"start":{"line":7,"column":2},"end":{"line":7,"column":null}},"4":{"start":{"line":10,"column":2},"end":{"line":10,"column":null}},"5":{"start":{"line":13,"column":2},"end":{"line":13,"column":null}},"6":{"start":{"line":12,"column":19},"end":{"line":12,"column":27}},"7":{"start":{"line":12,"column":44},"end":{"line":12,"column":58}},"8":{"start":{"line":5,"column":21},"end":{"line":14,"column":null}},"9":{"start":{"line":5,"column":21},"end":{"line":5,"column":null}}},"fnMap":{"0":{"name":"(anonymous_3)","decl":{"start":{"line":12,"column":13},"end":{"line":12,"column":16}},"loc":{"start":{"line":12,"column":19},"end":{"line":12,"column":27}}},"1":{"name":"(anonymous_4)","decl":{"start":{"line":12,"column":29},"end":{"line":12,"column":30}},"loc":{"start":{"line":12,"column":44},"end":{"line":12,"column":58}}}},"branchMap":{},"s":{"0":4,"1":4,"2":4,"3":4,"4":4,"5":4,"6":0,"7":0,"8":4,"9":4},"f":{"0":0,"1":0},"b":{}}
,"/Users/bubblegum/project/boundary-condition/src/user/entities/user.entity.ts": {"path":"/Users/bubblegum/project/boundary-condition/src/user/entities/user.entity.ts","statementMap":{"0":{"start":{"line":1,"column":0},"end":{"line":1,"column":null}},"1":{"start":{"line":8,"column":0},"end":{"line":8,"column":41}},"2":{"start":{"line":11,"column":15},"end":{"line":44,"column":null}},"3":{"start":{"line":13,"column":2},"end":{"line":13,"column":null}},"4":{"start":{"line":16,"column":2},"end":{"line":16,"column":null}},"5":{"start":{"line":19,"column":2},"end":{"line":19,"column":null}},"6":{"start":{"line":22,"column":2},"end":{"line":22,"column":null}},"7":{"start":{"line":25,"column":2},"end":{"line":25,"column":null}},"8":{"start":{"line":28,"column":2},"end":{"line":28,"column":null}},"9":{"start":{"line":31,"column":2},"end":{"line":31,"column":null}},"10":{"start":{"line":34,"column":2},"end":{"line":34,"column":null}},"11":{"start":{"line":37,"column":2},"end":{"line":37,"column":null}},"12":{"start":{"line":40,"column":2},"end":{"line":40,"column":null}},"13":{"start":{"line":43,"column":2},"end":{"line":43,"column":null}},"14":{"start":{"line":42,"column":19},"end":{"line":42,"column":27}},"15":{"start":{"line":42,"column":44},"end":{"line":42,"column":58}},"16":{"start":{"line":11,"column":21},"end":{"line":44,"column":null}},"17":{"start":{"line":11,"column":21},"end":{"line":11,"column":null}}},"fnMap":{"0":{"name":"(anonymous_3)","decl":{"start":{"line":42,"column":13},"end":{"line":42,"column":16}},"loc":{"start":{"line":42,"column":19},"end":{"line":42,"column":27}}},"1":{"name":"(anonymous_4)","decl":{"start":{"line":42,"column":29},"end":{"line":42,"column":30}},"loc":{"start":{"line":42,"column":44},"end":{"line":42,"column":58}}}},"branchMap":{},"s":{"0":4,"1":4,"2":4,"3":4,"4":4,"5":4,"6":4,"7":4,"8":4,"9":4,"10":4,"11":4,"12":4,"13":4,"14":0,"15":0,"16":4,"17":4},"f":{"0":0,"1":0},"b":{}}
,"/Users/bubblegum/project/boundary-condition/src/user/entities/userRole.entity.ts": {"path":"/Users/bubblegum/project/boundary-condition/src/user/entities/userRole.entity.ts","statementMap":{"0":{"start":{"line":1,"column":0},"end":{"line":1,"column":null}},"1":{"start":{"line":8,"column":0},"end":{"line":8,"column":33}},"2":{"start":{"line":9,"column":0},"end":{"line":9,"column":33}},"3":{"start":{"line":12,"column":15},"end":{"line":29,"column":null}},"4":{"start":{"line":14,"column":2},"end":{"line":14,"column":null}},"5":{"start":{"line":17,"column":2},"end":{"line":17,"column":null}},"6":{"start":{"line":20,"column":2},"end":{"line":20,"column":null}},"7":{"start":{"line":24,"column":2},"end":{"line":24,"column":null}},"8":{"start":{"line":22,"column":19},"end":{"line":22,"column":23}},"9":{"start":{"line":22,"column":35},"end":{"line":22,"column":49}},"10":{"start":{"line":28,"column":2},"end":{"line":28,"column":null}},"11":{"start":{"line":26,"column":19},"end":{"line":26,"column":23}},"12":{"start":{"line":26,"column":35},"end":{"line":26,"column":49}},"13":{"start":{"line":12,"column":21},"end":{"line":29,"column":null}},"14":{"start":{"line":12,"column":21},"end":{"line":12,"column":null}}},"fnMap":{"0":{"name":"(anonymous_3)","decl":{"start":{"line":22,"column":13},"end":{"line":22,"column":16}},"loc":{"start":{"line":22,"column":19},"end":{"line":22,"column":23}}},"1":{"name":"(anonymous_4)","decl":{"start":{"line":22,"column":25},"end":{"line":22,"column":26}},"loc":{"start":{"line":22,"column":35},"end":{"line":22,"column":49}}},"2":{"name":"(anonymous_5)","decl":{"start":{"line":26,"column":13},"end":{"line":26,"column":16}},"loc":{"start":{"line":26,"column":19},"end":{"line":26,"column":23}}},"3":{"name":"(anonymous_6)","decl":{"start":{"line":26,"column":25},"end":{"line":26,"column":26}},"loc":{"start":{"line":26,"column":35},"end":{"line":26,"column":49}}}},"branchMap":{},"s":{"0":4,"1":4,"2":4,"3":4,"4":4,"5":4,"6":4,"7":4,"8":0,"9":0,"10":4,"11":0,"12":0,"13":4,"14":4},"f":{"0":0,"1":0,"2":0,"3":0},"b":{}}
,"/Users/bubblegum/project/boundary-condition/src/utils/user-info.decorator.ts": {"path":"/Users/bubblegum/project/boundary-condition/src/utils/user-info.decorator.ts","statementMap":{"0":{"start":{"line":1,"column":0},"end":{"line":1,"column":72}},"1":{"start":{"line":3,"column":13},"end":{"line":8,"column":2}},"2":{"start":{"line":5,"column":20},"end":{"line":5,"column":51}},"3":{"start":{"line":6,"column":4},"end":{"line":6,"column":24}}},"fnMap":{"0":{"name":"(anonymous_0)","decl":{"start":{"line":4,"column":2},"end":{"line":4,"column":3}},"loc":{"start":{"line":4,"column":43},"end":{"line":7,"column":3}}}},"branchMap":{},"s":{"0":0,"1":0,"2":0,"3":0},"f":{"0":0},"b":{}}
}
