TN:
SF:src/app.controller.ts
FN:8,(anonymous_2)
FNF:1
FNH:0
FNDA:0,(anonymous_2)
DA:1,0
DA:2,0
DA:3,0
DA:7,0
DA:8,0
LF:5
LH:0
BRF:0
BRH:0
end_of_record
TN:
SF:src/app.module.ts
FN:20,(anonymous_1)
FN:49,(anonymous_2)
FNF:2
FNH:0
FNDA:0,(anonymous_1)
FNDA:0,(anonymous_2)
DA:1,0
DA:2,0
DA:3,0
DA:4,0
DA:5,0
DA:6,0
DA:7,0
DA:8,0
DA:9,0
DA:10,0
DA:11,0
DA:12,0
DA:13,0
DA:14,0
DA:15,0
DA:16,0
DA:17,0
DA:19,0
DA:22,0
DA:49,0
DA:76,0
LF:21
LH:0
BRF:0
BRH:0
end_of_record
TN:
SF:src/app.service.ts
FNF:0
FNH:0
DA:1,0
DA:4,0
LF:2
LH:0
BRF:0
BRH:0
end_of_record
TN:
SF:src/loggingInterceptor.ts
FN:15,(anonymous_4)
FN:19,(anonymous_5)
FN:27,(anonymous_6)
FNF:3
FNH:0
FNDA:0,(anonymous_4)
FNDA:0,(anonymous_5)
FNDA:0,(anonymous_6)
DA:1,0
DA:8,0
DA:9,0
DA:10,0
DA:11,0
DA:14,0
DA:16,0
DA:20,0
DA:21,0
DA:23,0
DA:25,0
DA:27,0
LF:12
LH:0
BRF:0
BRH:0
end_of_record
TN:
SF:src/main.ts
FN:9,bootstrap
FNF:1
FNH:0
FNDA:0,bootstrap
DA:1,0
DA:2,0
DA:3,0
DA:4,0
DA:5,0
DA:7,0
DA:10,0
DA:11,0
DA:13,0
DA:14,0
DA:22,0
DA:32,0
DA:41,0
DA:42,0
DA:44,0
LF:15
LH:0
BRF:0
BRH:0
end_of_record
TN:
SF:src/article/article.controller.ts
FN:43,(anonymous_5)
FN:56,(anonymous_6)
FN:90,(anonymous_7)
FN:124,(anonymous_8)
FN:157,(anonymous_9)
FN:197,(anonymous_10)
FN:231,(anonymous_11)
FN:261,(anonymous_12)
FN:290,(anonymous_13)
FN:318,(anonymous_14)
FNF:10
FNH:0
FNDA:0,(anonymous_5)
FNDA:0,(anonymous_6)
FNDA:0,(anonymous_7)
FNDA:0,(anonymous_8)
FNDA:0,(anonymous_9)
FNDA:0,(anonymous_10)
FNDA:0,(anonymous_11)
FNDA:0,(anonymous_12)
FNDA:0,(anonymous_13)
FNDA:0,(anonymous_14)
DA:1,0
DA:16,0
DA:17,0
DA:18,0
DA:19,0
DA:20,0
DA:21,0
DA:22,0
DA:24,0
DA:33,0
DA:34,0
DA:35,0
DA:36,0
DA:37,0
DA:38,0
DA:42,0
DA:43,0
DA:56,0
DA:61,0
DA:62,0
DA:63,0
DA:67,0
DA:68,0
DA:69,0
DA:71,0
DA:90,0
DA:96,0
DA:97,0
DA:98,0
DA:102,0
DA:103,0
DA:104,0
DA:106,0
DA:124,0
DA:129,0
DA:130,0
DA:131,0
DA:136,0
DA:137,0
DA:138,0
DA:140,0
DA:157,0
DA:163,0
DA:164,0
DA:169,0
DA:173,0
DA:174,0
DA:175,0
DA:177,0
DA:197,0
DA:204,0
DA:205,0
DA:206,0
DA:210,0
DA:211,0
DA:212,0
DA:214,0
DA:231,0
DA:237,0
DA:238,0
DA:239,0
DA:243,0
DA:244,0
DA:245,0
DA:247,0
DA:261,0
DA:266,0
DA:267,0
DA:268,0
DA:272,0
DA:273,0
DA:274,0
DA:276,0
DA:290,0
DA:294,0
DA:295,0
DA:296,0
DA:301,0
DA:302,0
DA:303,0
DA:305,0
DA:318,0
DA:319,0
DA:320,0
DA:321,0
DA:326,0
DA:327,0
DA:328,0
DA:330,0
LF:89
LH:0
BRDA:68,0,0,0
BRDA:103,1,0,0
BRDA:137,2,0,0
BRDA:174,3,0,0
BRDA:211,4,0,0
BRDA:244,5,0,0
BRDA:273,6,0,0
BRDA:302,7,0,0
BRDA:327,8,0,0
BRF:9
BRH:0
end_of_record
TN:
SF:src/article/article.module.ts
FNF:0
FNH:0
DA:1,0
DA:2,0
DA:3,0
DA:4,0
DA:5,0
DA:6,0
DA:7,0
DA:8,0
DA:9,0
DA:10,0
DA:11,0
DA:24,0
LF:12
LH:0
BRF:0
BRH:0
end_of_record
TN:
SF:src/article/article.service.ts
FN:29,(anonymous_11)
FN:38,(anonymous_12)
FN:54,(anonymous_13)
FN:62,(anonymous_14)
FN:70,(anonymous_15)
FN:85,(anonymous_16)
FN:110,(anonymous_17)
FN:120,(anonymous_18)
FN:138,(anonymous_19)
FN:187,(anonymous_20)
FN:241,(anonymous_21)
FN:254,(anonymous_22)
FN:265,(anonymous_23)
FN:300,(anonymous_24)
FN:308,(anonymous_25)
FN:381,(anonymous_26)
FN:454,(anonymous_27)
FN:497,(anonymous_28)
FN:518,(anonymous_29)
FN:545,(anonymous_30)
FN:565,(anonymous_31)
FN:573,(anonymous_32)
FNF:22
FNH:0
FNDA:0,(anonymous_11)
FNDA:0,(anonymous_12)
FNDA:0,(anonymous_13)
FNDA:0,(anonymous_14)
FNDA:0,(anonymous_15)
FNDA:0,(anonymous_16)
FNDA:0,(anonymous_17)
FNDA:0,(anonymous_18)
FNDA:0,(anonymous_19)
FNDA:0,(anonymous_20)
FNDA:0,(anonymous_21)
FNDA:0,(anonymous_22)
FNDA:0,(anonymous_23)
FNDA:0,(anonymous_24)
FNDA:0,(anonymous_25)
FNDA:0,(anonymous_26)
FNDA:0,(anonymous_27)
FNDA:0,(anonymous_28)
FNDA:0,(anonymous_29)
FNDA:0,(anonymous_30)
FNDA:0,(anonymous_31)
FNDA:0,(anonymous_32)
DA:1,1
DA:9,1
DA:10,1
DA:11,1
DA:14,1
DA:17,1
DA:18,1
DA:19,1
DA:23,1
DA:28,1
DA:31,0
DA:33,0
DA:34,0
DA:35,0
DA:39,0
DA:40,0
DA:41,0
DA:42,0
DA:43,0
DA:44,0
DA:45,0
DA:46,0
DA:48,0
DA:50,0
DA:55,0
DA:56,0
DA:58,0
DA:63,0
DA:64,0
DA:66,0
DA:71,0
DA:72,0
DA:73,0
DA:74,0
DA:75,0
DA:78,0
DA:79,0
DA:81,0
DA:86,0
DA:95,0
DA:96,0
DA:106,0
DA:111,0
DA:112,0
DA:113,0
DA:119,0
DA:120,0
DA:121,0
DA:122,0
DA:130,0
DA:132,0
DA:134,0
DA:142,0
DA:143,0
DA:144,0
DA:146,0
DA:147,0
DA:148,0
DA:149,0
DA:150,0
DA:151,0
DA:153,0
DA:154,0
DA:156,0
DA:157,0
DA:158,0
DA:160,0
DA:161,0
DA:162,0
DA:164,0
DA:173,0
DA:174,0
DA:175,0
DA:177,0
DA:178,0
DA:180,0
DA:181,0
DA:183,0
DA:192,0
DA:193,0
DA:194,0
DA:196,0
DA:197,0
DA:198,0
DA:199,0
DA:200,0
DA:201,0
DA:203,0
DA:204,0
DA:206,0
DA:207,0
DA:208,0
DA:210,0
DA:211,0
DA:212,0
DA:214,0
DA:215,0
DA:216,0
DA:218,0
DA:227,0
DA:228,0
DA:229,0
DA:231,0
DA:232,0
DA:234,0
DA:235,0
DA:237,0
DA:242,0
DA:243,0
DA:244,0
DA:245,0
DA:247,0
DA:248,0
DA:250,0
DA:251,0
DA:255,0
DA:256,0
DA:261,0
DA:270,0
DA:280,0
DA:282,0
DA:296,0
DA:301,0
DA:302,0
DA:304,0
DA:313,0
DA:314,0
DA:315,0
DA:317,0
DA:318,0
DA:319,0
DA:320,0
DA:321,0
DA:322,0
DA:323,0
DA:324,0
DA:326,0
DA:327,0
DA:329,0
DA:330,0
DA:331,0
DA:333,0
DA:334,0
DA:336,0
DA:337,0
DA:339,0
DA:340,0
DA:342,0
DA:343,0
DA:345,0
DA:346,0
DA:348,0
DA:350,0
DA:351,0
DA:353,0
DA:354,0
DA:356,0
DA:366,0
DA:372,0
DA:374,0
DA:375,0
DA:377,0
DA:387,0
DA:388,0
DA:389,0
DA:391,0
DA:392,0
DA:393,0
DA:394,0
DA:395,0
DA:396,0
DA:397,0
DA:399,0
DA:400,0
DA:402,0
DA:403,0
DA:404,0
DA:406,0
DA:407,0
DA:409,0
DA:410,0
DA:412,0
DA:413,0
DA:415,0
DA:416,0
DA:418,0
DA:419,0
DA:421,0
DA:422,0
DA:424,0
DA:425,0
DA:429,0
DA:440,0
DA:445,0
DA:447,0
DA:448,0
DA:450,0
DA:459,0
DA:460,0
DA:461,0
DA:463,0
DA:464,0
DA:465,0
DA:466,0
DA:467,0
DA:468,0
DA:470,0
DA:471,0
DA:473,0
DA:474,0
DA:475,0
DA:477,0
DA:487,0
DA:488,0
DA:490,0
DA:491,0
DA:493,0
DA:498,0
DA:499,0
DA:500,0
DA:501,0
DA:502,0
DA:504,0
DA:505,0
DA:507,0
DA:508,0
DA:509,0
DA:511,0
DA:512,0
DA:514,0
DA:519,0
DA:520,0
DA:521,0
DA:523,0
DA:525,0
DA:526,0
DA:527,0
DA:529,0
DA:532,0
DA:533,0
DA:534,0
DA:537,0
DA:544,0
DA:545,0
DA:546,0
DA:547,0
DA:556,0
DA:558,0
DA:559,0
DA:561,0
DA:566,0
DA:567,0
DA:572,0
DA:573,0
DA:574,0
DA:575,0
DA:584,0
DA:586,0
DA:588,0
LF:259
LH:10
BRDA:45,0,0,0
BRDA:150,1,0,0
BRDA:153,2,0,0
BRDA:157,3,0,0
BRDA:161,4,0,0
BRDA:174,5,0,0
BRDA:200,6,0,0
BRDA:203,7,0,0
BRDA:207,8,0,0
BRDA:211,9,0,0
BRDA:215,10,0,0
BRDA:228,11,0,0
BRDA:244,12,0,0
BRDA:247,13,0,0
BRDA:323,14,0,0
BRDA:326,15,0,0
BRDA:330,16,0,0
BRDA:333,17,0,0
BRDA:336,18,0,0
BRDA:339,19,0,0
BRDA:342,20,0,0
BRDA:345,21,0,0
BRDA:345,21,1,0
BRDA:350,22,0,0
BRDA:350,22,1,0
BRDA:396,23,0,0
BRDA:399,24,0,0
BRDA:403,25,0,0
BRDA:406,26,0,0
BRDA:409,27,0,0
BRDA:412,28,0,0
BRDA:415,29,0,0
BRDA:418,30,0,0
BRDA:418,30,1,0
BRDA:467,31,0,0
BRDA:470,32,0,0
BRDA:474,33,0,0
BRDA:501,34,0,0
BRDA:504,35,0,0
BRDA:508,36,0,0
BRDA:523,37,0,0
BRDA:526,38,0,0
BRDA:532,39,0,0
BRF:43
BRH:0
end_of_record
TN:
SF:src/article/dto/create-article-with-image.dto.ts
FN:44,(anonymous_2)
FNF:1
FNH:0
FNDA:0,(anonymous_2)
DA:1,0
DA:2,0
DA:3,0
DA:5,0
DA:12,0
DA:20,0
DA:28,0
DA:36,0
DA:44,0
DA:45,0
DA:53,0
LF:11
LH:0
BRDA:44,0,0,0
BRDA:44,0,1,0
BRF:2
BRH:0
end_of_record
TN:
SF:src/article/dto/create-article-with-link.dto.ts
FN:48,(anonymous_2)
FNF:1
FNH:0
FNDA:0,(anonymous_2)
DA:1,0
DA:2,0
DA:3,0
DA:5,0
DA:12,0
DA:20,0
DA:28,0
DA:36,0
DA:44,0
DA:48,0
DA:53,0
LF:11
LH:0
BRDA:48,0,0,0
BRDA:48,0,1,0
BRF:2
BRH:0
end_of_record
TN:
SF:src/article/dto/create-article.dto.ts
FNF:0
FNH:0
DA:1,0
LF:1
LH:0
BRF:0
BRH:0
end_of_record
TN:
SF:src/article/dto/find-article-query.dto.ts
FN:12,(anonymous_2)
FN:21,(anonymous_3)
FNF:2
FNH:0
FNDA:0,(anonymous_2)
FNDA:0,(anonymous_3)
DA:1,0
DA:2,0
DA:3,0
DA:5,0
DA:12,0
DA:13,0
DA:21,0
DA:22,0
LF:8
LH:0
BRF:0
BRH:0
end_of_record
TN:
SF:src/article/dto/find-articles.dto.ts
FNF:0
FNH:0
DA:1,0
DA:3,0
DA:5,0
DA:8,0
DA:11,0
DA:14,0
DA:20,0
DA:23,0
LF:8
LH:0
BRF:0
BRH:0
end_of_record
TN:
SF:src/article/dto/search-article-query.dto.ts
FN:27,(anonymous_2)
FN:37,(anonymous_3)
FNF:2
FNH:0
FNDA:0,(anonymous_2)
FNDA:0,(anonymous_3)
DA:1,0
DA:2,0
DA:3,0
DA:5,0
DA:13,0
DA:22,0
DA:27,0
DA:28,0
DA:37,0
DA:38,0
LF:10
LH:0
BRF:0
BRH:0
end_of_record
TN:
SF:src/article/dto/update-article-with-image.dto.ts
FN:49,(anonymous_2)
FNF:1
FNH:0
FNDA:0,(anonymous_2)
DA:1,0
DA:2,0
DA:3,0
DA:5,0
DA:13,0
DA:22,0
DA:31,0
DA:40,0
DA:49,0
DA:50,0
DA:58,0
LF:11
LH:0
BRDA:49,0,0,0
BRDA:49,0,1,0
BRF:2
BRH:0
end_of_record
TN:
SF:src/article/dto/update-article-with-link.dto.ts
FN:57,(anonymous_2)
FNF:1
FNH:0
FNDA:0,(anonymous_2)
DA:1,0
DA:2,0
DA:3,0
DA:5,0
DA:13,0
DA:22,0
DA:31,0
DA:39,0
DA:48,0
DA:57,0
DA:58,0
LF:11
LH:0
BRDA:57,0,0,0
BRDA:57,0,1,0
BRF:2
BRH:0
end_of_record
TN:
SF:src/article/dto/update-article.dto.ts
FNF:0
FNH:0
DA:1,0
LF:1
LH:0
BRF:0
BRH:0
end_of_record
TN:
SF:src/article/dto/update-exposable.dto.ts
FN:8,(anonymous_2)
FNF:1
FNH:0
FNDA:0,(anonymous_2)
DA:1,0
DA:2,0
DA:3,0
DA:5,0
DA:8,0
DA:10,0
LF:6
LH:0
BRDA:8,0,0,0
BRDA:8,0,1,0
BRF:2
BRH:0
end_of_record
TN:
SF:src/article/entities/article.entity.ts
FN:41,(anonymous_3)
FN:41,(anonymous_4)
FN:45,(anonymous_5)
FN:45,(anonymous_6)
FNF:4
FNH:0
FNDA:0,(anonymous_3)
FNDA:0,(anonymous_4)
FNDA:0,(anonymous_5)
FNDA:0,(anonymous_6)
DA:1,2
DA:9,2
DA:10,2
DA:13,2
DA:15,2
DA:18,2
DA:21,2
DA:24,2
DA:27,2
DA:30,2
DA:33,2
DA:36,2
DA:39,2
DA:41,0
DA:43,2
DA:45,0
DA:47,2
LF:17
LH:15
BRF:0
BRH:0
end_of_record
TN:
SF:src/article/entities/thumbnail.entity.ts
FN:12,(anonymous_3)
FN:12,(anonymous_4)
FNF:2
FNH:0
FNDA:0,(anonymous_3)
FNDA:0,(anonymous_4)
DA:1,2
DA:2,2
DA:5,2
DA:7,2
DA:10,2
DA:12,0
DA:13,2
LF:7
LH:6
BRF:0
BRH:0
end_of_record
TN:
SF:src/auth/auth.controller.ts
FN:11,(anonymous_5)
FN:22,(anonymous_6)
FN:55,(anonymous_7)
FNF:3
FNH:0
FNDA:0,(anonymous_5)
FNDA:0,(anonymous_6)
FNDA:0,(anonymous_7)
DA:1,0
DA:2,0
DA:3,0
DA:5,0
DA:6,0
DA:10,0
DA:11,0
DA:22,0
DA:23,0
DA:24,0
DA:25,0
DA:31,0
DA:35,0
DA:36,0
DA:37,0
DA:39,0
DA:55,0
DA:56,0
DA:57,0
DA:59,0
DA:64,0
DA:65,0
DA:66,0
DA:68,0
LF:24
LH:0
BRDA:36,0,0,0
BRDA:65,1,0,0
BRF:2
BRH:0
end_of_record
TN:
SF:src/auth/auth.module.ts
FN:19,(anonymous_2)
FNF:1
FNH:0
FNDA:0,(anonymous_2)
DA:1,0
DA:2,0
DA:3,0
DA:4,0
DA:5,0
DA:6,0
DA:7,0
DA:8,0
DA:9,0
DA:10,0
DA:11,0
DA:19,0
DA:32,0
LF:13
LH:0
BRF:0
BRH:0
end_of_record
TN:
SF:src/auth/auth.service.ts
FN:15,(anonymous_2)
FN:21,(anonymous_3)
FN:37,(anonymous_4)
FN:68,(anonymous_5)
FNF:4
FNH:0
FNDA:0,(anonymous_2)
FNDA:0,(anonymous_3)
FNDA:0,(anonymous_4)
FNDA:0,(anonymous_5)
DA:1,1
DA:8,1
DA:9,1
DA:10,1
DA:14,1
DA:16,0
DA:17,0
DA:18,0
DA:22,0
DA:23,0
DA:28,0
DA:29,0
DA:31,0
DA:33,0
DA:38,0
DA:39,0
DA:40,0
DA:49,0
DA:51,0
DA:52,0
DA:55,0
DA:56,0
DA:57,0
DA:62,0
DA:64,0
DA:69,0
DA:70,0
DA:71,0
DA:72,0
DA:73,0
DA:75,0
DA:79,0
DA:80,0
DA:82,0
DA:83,0
DA:84,0
DA:86,0
DA:87,0
DA:89,0
LF:39
LH:5
BRDA:51,0,0,0
BRDA:72,1,0,0
BRDA:79,2,0,0
BRDA:83,3,0,0
BRF:4
BRH:0
end_of_record
TN:
SF:src/auth/dto/admin-signin.dto.ts
FNF:0
FNH:0
DA:1,0
DA:2,0
DA:4,0
DA:11,0
DA:19,0
LF:5
LH:0
BRF:0
BRH:0
end_of_record
TN:
SF:src/auth/dto/admin-signup.dto.ts
FNF:0
FNH:0
DA:1,0
DA:2,0
DA:4,0
DA:11,0
DA:19,0
DA:27,0
DA:35,0
LF:7
LH:0
BRF:0
BRH:0
end_of_record
TN:
SF:src/auth/dto/signup.dto.ts
FNF:0
FNH:0
DA:1,0
LF:1
LH:0
BRF:0
BRH:0
end_of_record
TN:
SF:src/auth/dto/userinfo.dto.ts
FNF:0
FNH:0
DA:1,0
LF:1
LH:0
BRF:0
BRH:0
end_of_record
TN:
SF:src/auth/guards/jwt-auth.guard.ts
FN:13,(anonymous_2)
FN:15,(anonymous_3)
FNF:2
FNH:0
FNDA:0,(anonymous_2)
FNDA:0,(anonymous_3)
DA:1,0
DA:9,0
DA:12,0
DA:13,0
DA:16,0
DA:17,0
DA:18,0
DA:19,0
DA:20,0
DA:23,0
DA:24,0
DA:25,0
DA:27,0
DA:28,0
DA:29,0
DA:31,0
DA:33,0
DA:35,0
LF:18
LH:0
BRDA:19,0,0,0
BRDA:24,1,0,0
BRDA:28,2,0,0
BRF:3
BRH:0
end_of_record
TN:
SF:src/auth/strategies/jwt.strategy.ts
FN:12,(anonymous_2)
FN:20,(anonymous_3)
FNF:2
FNH:0
FNDA:0,(anonymous_2)
FNDA:0,(anonymous_3)
DA:1,0
DA:6,0
DA:7,0
DA:8,0
DA:11,0
DA:12,0
DA:13,0
DA:21,0
DA:22,0
DA:23,0
LF:10
LH:0
BRF:0
BRH:0
end_of_record
TN:
SF:src/category/category.controller.ts
FN:36,(anonymous_5)
FN:48,(anonymous_6)
FN:81,(anonymous_7)
FN:110,(anonymous_8)
FN:139,(anonymous_9)
FN:172,(anonymous_10)
FN:205,(anonymous_11)
FN:240,(anonymous_12)
FN:270,(anonymous_13)
FNF:9
FNH:0
FNDA:0,(anonymous_5)
FNDA:0,(anonymous_6)
FNDA:0,(anonymous_7)
FNDA:0,(anonymous_8)
FNDA:0,(anonymous_9)
FNDA:0,(anonymous_10)
FNDA:0,(anonymous_11)
FNDA:0,(anonymous_12)
FNDA:0,(anonymous_13)
DA:1,0
DA:13,0
DA:14,0
DA:23,0
DA:24,0
DA:25,0
DA:26,0
DA:28,0
DA:29,0
DA:30,0
DA:31,0
DA:35,0
DA:36,0
DA:48,0
DA:53,0
DA:54,0
DA:55,0
DA:59,0
DA:60,0
DA:61,0
DA:63,0
DA:81,0
DA:82,0
DA:83,0
DA:84,0
DA:89,0
DA:90,0
DA:91,0
DA:93,0
DA:110,0
DA:111,0
DA:112,0
DA:113,0
DA:118,0
DA:119,0
DA:120,0
DA:122,0
DA:139,0
DA:145,0
DA:146,0
DA:147,0
DA:151,0
DA:152,0
DA:153,0
DA:155,0
DA:172,0
DA:178,0
DA:179,0
DA:180,0
DA:184,0
DA:185,0
DA:186,0
DA:188,0
DA:205,0
DA:211,0
DA:212,0
DA:213,0
DA:217,0
DA:218,0
DA:219,0
DA:221,0
DA:240,0
DA:246,0
DA:247,0
DA:248,0
DA:252,0
DA:253,0
DA:254,0
DA:256,0
DA:270,0
DA:275,0
DA:276,0
DA:277,0
DA:281,0
DA:282,0
DA:283,0
DA:285,0
LF:77
LH:0
BRDA:60,0,0,0
BRDA:90,1,0,0
BRDA:119,2,0,0
BRDA:152,3,0,0
BRDA:185,4,0,0
BRDA:218,5,0,0
BRDA:253,6,0,0
BRDA:282,7,0,0
BRF:8
BRH:0
end_of_record
TN:
SF:src/category/category.module.ts
FNF:0
FNH:0
DA:1,0
DA:2,0
DA:3,0
DA:4,0
DA:5,0
DA:6,0
DA:7,0
DA:15,0
LF:8
LH:0
BRF:0
BRH:0
end_of_record
TN:
SF:src/category/category.service.ts
FN:20,(anonymous_5)
FN:26,(anonymous_6)
FN:41,(anonymous_7)
FN:49,(anonymous_8)
FN:56,(anonymous_9)
FN:69,(anonymous_10)
FN:77,(anonymous_11)
FN:85,(anonymous_12)
FN:93,(anonymous_13)
FN:109,(anonymous_14)
FN:121,(anonymous_15)
FN:137,(anonymous_16)
FN:165,(anonymous_17)
FN:199,(anonymous_18)
FN:247,(anonymous_19)
FN:281,(anonymous_20)
FN:315,(anonymous_21)
FNF:17
FNH:0
FNDA:0,(anonymous_5)
FNDA:0,(anonymous_6)
FNDA:0,(anonymous_7)
FNDA:0,(anonymous_8)
FNDA:0,(anonymous_9)
FNDA:0,(anonymous_10)
FNDA:0,(anonymous_11)
FNDA:0,(anonymous_12)
FNDA:0,(anonymous_13)
FNDA:0,(anonymous_14)
FNDA:0,(anonymous_15)
FNDA:0,(anonymous_16)
FNDA:0,(anonymous_17)
FNDA:0,(anonymous_18)
FNDA:0,(anonymous_19)
FNDA:0,(anonymous_20)
FNDA:0,(anonymous_21)
DA:1,2
DA:8,2
DA:10,2
DA:11,2
DA:12,2
DA:19,2
DA:21,0
DA:23,0
DA:27,0
DA:28,0
DA:29,0
DA:30,0
DA:31,0
DA:34,0
DA:35,0
DA:37,0
DA:42,0
DA:43,0
DA:45,0
DA:50,0
DA:51,0
DA:55,0
DA:56,0
DA:57,0
DA:61,0
DA:63,0
DA:65,0
DA:70,0
DA:71,0
DA:73,0
DA:78,0
DA:79,0
DA:81,0
DA:86,0
DA:87,0
DA:89,0
DA:94,0
DA:95,0
DA:96,0
DA:103,0
DA:105,0
DA:110,0
DA:111,0
DA:112,0
DA:113,0
DA:114,0
DA:116,0
DA:117,0
DA:119,0
DA:120,0
DA:121,0
DA:122,0
DA:123,0
DA:129,0
DA:131,0
DA:133,0
DA:138,0
DA:139,0
DA:140,0
DA:141,0
DA:142,0
DA:143,0
DA:145,0
DA:146,0
DA:148,0
DA:149,0
DA:150,0
DA:152,0
DA:153,0
DA:154,0
DA:159,0
DA:161,0
DA:166,0
DA:167,0
DA:168,0
DA:169,0
DA:170,0
DA:171,0
DA:173,0
DA:174,0
DA:176,0
DA:177,0
DA:178,0
DA:180,0
DA:181,0
DA:182,0
DA:184,0
DA:191,0
DA:193,0
DA:195,0
DA:204,0
DA:205,0
DA:206,0
DA:207,0
DA:208,0
DA:209,0
DA:211,0
DA:212,0
DA:214,0
DA:215,0
DA:216,0
DA:218,0
DA:219,0
DA:220,0
DA:222,0
DA:223,0
DA:224,0
DA:225,0
DA:226,0
DA:227,0
DA:229,0
DA:230,0
DA:231,0
DA:233,0
DA:240,0
DA:241,0
DA:243,0
DA:252,0
DA:253,0
DA:254,0
DA:255,0
DA:256,0
DA:257,0
DA:259,0
DA:260,0
DA:262,0
DA:263,0
DA:264,0
DA:266,0
DA:273,0
DA:275,0
DA:277,0
DA:286,0
DA:287,0
DA:288,0
DA:289,0
DA:290,0
DA:291,0
DA:293,0
DA:294,0
DA:296,0
DA:297,0
DA:298,0
DA:300,0
DA:307,0
DA:309,0
DA:311,0
DA:316,0
DA:317,0
DA:318,0
DA:319,0
DA:320,0
DA:322,0
DA:323,0
DA:325,0
DA:326,0
DA:327,0
DA:329,0
DA:331,0
LF:159
LH:6
BRDA:113,0,0,0
BRDA:116,1,0,0
BRDA:142,2,0,0
BRDA:145,3,0,0
BRDA:149,4,0,0
BRDA:170,5,0,0
BRDA:173,6,0,0
BRDA:177,7,0,0
BRDA:181,8,0,0
BRDA:208,9,0,0
BRDA:211,10,0,0
BRDA:215,11,0,0
BRDA:222,12,0,0
BRDA:222,12,1,0
BRDA:225,13,0,0
BRDA:225,13,1,0
BRDA:256,14,0,0
BRDA:259,15,0,0
BRDA:263,16,0,0
BRDA:290,17,0,0
BRDA:293,18,0,0
BRDA:297,19,0,0
BRDA:319,20,0,0
BRDA:322,21,0,0
BRDA:326,22,0,0
BRF:25
BRH:0
end_of_record
TN:
SF:src/category/dto/create-category.dto.ts
FNF:0
FNH:0
DA:1,0
DA:2,0
DA:4,0
DA:11,0
LF:4
LH:0
BRF:0
BRH:0
end_of_record
TN:
SF:src/category/dto/find-categories.dto.ts
FNF:0
FNH:0
DA:1,0
DA:2,0
DA:4,0
DA:7,0
DA:11,0
DA:15,0
DA:22,0
DA:26,0
LF:8
LH:0
BRF:0
BRH:0
end_of_record
TN:
SF:src/category/dto/update-category-accessible.dto.ts
FN:11,(anonymous_2)
FNF:1
FNH:0
FNDA:0,(anonymous_2)
DA:1,0
DA:2,0
DA:3,0
DA:5,0
DA:11,0
DA:13,0
LF:6
LH:0
BRDA:11,0,0,0
BRDA:11,0,1,0
BRF:2
BRH:0
end_of_record
TN:
SF:src/category/dto/update-category-isused.dto.ts
FN:11,(anonymous_2)
FNF:1
FNH:0
FNDA:0,(anonymous_2)
DA:1,0
DA:2,0
DA:3,0
DA:5,0
DA:11,0
DA:13,0
LF:6
LH:0
BRDA:11,0,0,0
BRDA:11,0,1,0
BRF:2
BRH:0
end_of_record
TN:
SF:src/category/dto/update-category-number.dto.ts
FN:10,(anonymous_2)
FNF:1
FNH:0
FNDA:0,(anonymous_2)
DA:1,0
DA:2,0
DA:3,0
DA:5,0
DA:10,0
DA:13,0
LF:6
LH:0
BRF:0
BRH:0
end_of_record
TN:
SF:src/category/dto/update-category.dto.ts
FNF:0
FNH:0
DA:1,0
LF:1
LH:0
BRF:0
BRH:0
end_of_record
TN:
SF:src/category/entities/category.entity.ts
FN:30,(anonymous_3)
FN:30,(anonymous_4)
FNF:2
FNH:0
FNDA:0,(anonymous_3)
FNDA:0,(anonymous_4)
DA:1,2
DA:8,2
DA:11,2
DA:13,2
DA:16,2
DA:19,2
DA:22,2
DA:25,2
DA:28,2
DA:30,0
DA:31,2
LF:11
LH:10
BRF:0
BRH:0
end_of_record
TN:
SF:src/map/airPollution.service.ts
FN:21,(anonymous_5)
FN:49,(anonymous_6)
FN:64,(anonymous_7)
FN:84,(anonymous_8)
FN:93,(anonymous_9)
FN:100,(anonymous_10)
FN:105,(anonymous_11)
FN:190,(anonymous_12)
FN:260,(anonymous_13)
FN:278,(anonymous_14)
FN:295,(anonymous_15)
FN:320,(anonymous_16)
FN:339,(anonymous_17)
FN:352,(anonymous_18)
FN:364,(anonymous_19)
FN:392,(anonymous_20)
FN:398,(anonymous_21)
FN:437,(anonymous_22)
FN:454,(anonymous_23)
FN:460,(anonymous_24)
FN:464,(anonymous_25)
FN:561,(anonymous_26)
FNF:22
FNH:0
FNDA:0,(anonymous_5)
FNDA:0,(anonymous_6)
FNDA:0,(anonymous_7)
FNDA:0,(anonymous_8)
FNDA:0,(anonymous_9)
FNDA:0,(anonymous_10)
FNDA:0,(anonymous_11)
FNDA:0,(anonymous_12)
FNDA:0,(anonymous_13)
FNDA:0,(anonymous_14)
FNDA:0,(anonymous_15)
FNDA:0,(anonymous_16)
FNDA:0,(anonymous_17)
FNDA:0,(anonymous_18)
FNDA:0,(anonymous_19)
FNDA:0,(anonymous_20)
FNDA:0,(anonymous_21)
FNDA:0,(anonymous_22)
FNDA:0,(anonymous_23)
FNDA:0,(anonymous_24)
FNDA:0,(anonymous_25)
FNDA:0,(anonymous_26)
DA:1,0
DA:2,0
DA:3,0
DA:4,0
DA:5,0
DA:6,0
DA:7,0
DA:8,0
DA:9,0
DA:11,0
DA:12,0
DA:13,0
DA:14,0
DA:15,0
DA:17,0
DA:20,0
DA:23,0
DA:25,0
DA:27,0
DA:29,0
DA:31,0
DA:32,0
DA:33,0
DA:50,0
DA:51,0
DA:58,0
DA:61,0
DA:65,0
DA:67,0
DA:68,0
DA:69,0
DA:70,0
DA:71,0
DA:72,0
DA:73,0
DA:74,0
DA:76,0
DA:77,0
DA:78,0
DA:80,0
DA:85,0
DA:94,0
DA:101,0
DA:102,0
DA:106,0
DA:107,0
DA:124,0
DA:126,0
DA:128,0
DA:132,0
DA:133,0
DA:134,0
DA:135,0
DA:136,0
DA:137,0
DA:141,0
DA:160,0
DA:164,0
DA:182,0
DA:184,0
DA:185,0
DA:186,0
DA:191,0
DA:192,0
DA:193,0
DA:194,0
DA:195,0
DA:206,0
DA:207,0
DA:219,0
DA:221,0
DA:222,0
DA:223,0
DA:224,0
DA:225,0
DA:226,0
DA:228,0
DA:229,0
DA:230,0
DA:231,0
DA:232,0
DA:233,0
DA:234,0
DA:251,0
DA:252,0
DA:255,0
DA:256,0
DA:261,0
DA:262,0
DA:263,0
DA:264,0
DA:265,0
DA:270,0
DA:271,0
DA:272,0
DA:274,0
DA:279,0
DA:280,0
DA:281,0
DA:282,0
DA:283,0
DA:284,0
DA:285,0
DA:287,0
DA:288,0
DA:289,0
DA:291,0
DA:296,0
DA:297,0
DA:298,0
DA:299,0
DA:301,0
DA:302,0
DA:304,0
DA:306,0
DA:307,0
DA:308,0
DA:310,0
DA:311,0
DA:315,0
DA:316,0
DA:321,0
DA:322,0
DA:323,0
DA:324,0
DA:325,0
DA:327,0
DA:328,0
DA:330,0
DA:331,0
DA:332,0
DA:334,0
DA:335,0
DA:340,0
DA:345,0
DA:346,0
DA:348,0
DA:353,0
DA:357,0
DA:358,0
DA:360,0
DA:374,0
DA:385,0
DA:386,0
DA:388,0
DA:393,0
DA:417,0
DA:438,0
DA:439,0
DA:441,0
DA:442,0
DA:443,0
DA:446,0
DA:447,0
DA:451,0
DA:454,0
DA:455,0
DA:457,0
DA:461,0
DA:462,0
DA:463,0
DA:464,0
DA:465,0
DA:466,0
DA:477,0
DA:478,0
DA:490,0
DA:492,0
DA:494,0
DA:495,0
DA:496,0
DA:497,0
DA:498,0
DA:499,0
DA:501,0
DA:502,0
DA:503,0
DA:504,0
DA:505,0
DA:506,0
DA:507,0
DA:509,0
DA:510,0
DA:512,0
DA:513,0
DA:532,0
DA:534,0
DA:545,0
DA:546,0
DA:547,0
DA:550,0
DA:556,0
DA:557,0
DA:562,0
DA:564,0
DA:565,0
DA:566,0
DA:567,0
DA:571,0
LF:199
LH:0
BRDA:51,0,0,0
BRDA:52,1,0,0
BRDA:52,1,1,0
BRDA:52,1,2,0
BRDA:52,1,3,0
BRDA:52,1,4,0
BRDA:76,2,0,0
BRDA:76,2,1,0
BRDA:132,3,0,0
BRDA:132,3,1,0
BRDA:135,4,0,0
BRDA:136,5,0,0
BRDA:136,5,1,0
BRDA:219,6,0,0
BRDA:287,7,0,0
BRDA:287,7,1,0
BRDA:306,8,0,0
BRDA:306,8,1,0
BRDA:327,9,0,0
BRDA:327,9,1,0
BRDA:345,10,0,0
BRDA:345,10,1,0
BRDA:357,11,0,0
BRDA:357,11,1,0
BRDA:385,12,0,0
BRDA:385,12,1,0
BRDA:441,13,0,0
BRDA:441,14,0,0
BRDA:441,14,1,0
BRDA:446,15,0,0
BRDA:446,16,0,0
BRDA:446,16,1,0
BRDA:492,17,0,0
BRDA:512,18,0,0
BRDA:512,18,1,0
BRDA:545,19,0,0
BRDA:566,20,0,0
BRDA:566,21,0,0
BRDA:566,21,1,0
BRF:39
BRH:0
end_of_record
TN:
SF:src/map/map.controller.ts
FN:10,(anonymous_4)
FN:18,(anonymous_5)
FN:44,(anonymous_6)
FNF:3
FNH:0
FNDA:0,(anonymous_4)
FNDA:0,(anonymous_5)
FNDA:0,(anonymous_6)
DA:1,0
DA:2,0
DA:3,0
DA:4,0
DA:9,0
DA:10,0
DA:18,0
DA:19,0
DA:20,0
DA:21,0
DA:22,0
DA:27,0
DA:28,0
DA:29,0
DA:31,0
DA:44,0
DA:45,0
DA:46,0
DA:48,0
DA:53,0
DA:54,0
DA:55,0
DA:57,0
LF:23
LH:0
BRDA:28,0,0,0
BRDA:54,1,0,0
BRF:2
BRH:0
end_of_record
TN:
SF:src/map/map.gateway.ts
FN:19,(anonymous_4)
FN:25,(anonymous_5)
FN:29,(anonymous_6)
FN:33,(anonymous_7)
FN:38,(anonymous_8)
FN:39,(anonymous_9)
FNF:6
FNH:0
FNDA:0,(anonymous_4)
FNDA:0,(anonymous_5)
FNDA:0,(anonymous_6)
FNDA:0,(anonymous_7)
FNDA:0,(anonymous_8)
FNDA:0,(anonymous_9)
DA:1,0
DA:11,0
DA:12,0
DA:13,0
DA:16,0
DA:19,0
DA:21,0
DA:23,0
DA:26,0
DA:30,0
DA:34,0
DA:38,0
DA:39,0
DA:40,0
LF:14
LH:0
BRF:0
BRH:0
end_of_record
TN:
SF:src/map/map.module.ts
FNF:0
FNH:0
DA:1,0
DA:2,0
DA:3,0
DA:4,0
DA:5,0
DA:6,0
DA:7,0
DA:8,0
DA:9,0
DA:10,0
DA:11,0
DA:12,0
DA:13,0
DA:29,0
LF:14
LH:0
BRF:0
BRH:0
end_of_record
TN:
SF:src/map/map.service.ts
FN:14,(anonymous_4)
FN:24,(anonymous_5)
FN:33,(anonymous_6)
FN:45,(anonymous_7)
FN:58,(anonymous_8)
FN:69,(anonymous_9)
FN:80,(anonymous_10)
FN:94,(anonymous_11)
FN:122,(anonymous_12)
FN:154,(anonymous_13)
FN:176,(anonymous_14)
FN:183,(anonymous_15)
FN:209,(anonymous_16)
FN:234,(anonymous_17)
FN:314,(anonymous_18)
FNF:15
FNH:0
FNDA:0,(anonymous_4)
FNDA:0,(anonymous_5)
FNDA:0,(anonymous_6)
FNDA:0,(anonymous_7)
FNDA:0,(anonymous_8)
FNDA:0,(anonymous_9)
FNDA:0,(anonymous_10)
FNDA:0,(anonymous_11)
FNDA:0,(anonymous_12)
FNDA:0,(anonymous_13)
FNDA:0,(anonymous_14)
FNDA:0,(anonymous_15)
FNDA:0,(anonymous_16)
FNDA:0,(anonymous_17)
FNDA:0,(anonymous_18)
DA:1,1
DA:2,1
DA:3,1
DA:5,1
DA:6,1
DA:7,1
DA:8,1
DA:13,1
DA:16,0
DA:18,0
DA:20,0
DA:21,0
DA:25,0
DA:26,0
DA:27,0
DA:29,0
DA:34,0
DA:35,0
DA:36,0
DA:39,0
DA:41,0
DA:46,0
DA:47,0
DA:48,0
DA:50,0
DA:51,0
DA:52,0
DA:54,0
DA:59,0
DA:60,0
DA:61,0
DA:62,0
DA:63,0
DA:65,0
DA:70,0
DA:71,0
DA:72,0
DA:73,0
DA:74,0
DA:76,0
DA:81,0
DA:82,0
DA:83,0
DA:85,0
DA:86,0
DA:88,0
DA:90,0
DA:100,0
DA:101,0
DA:114,0
DA:115,0
DA:117,0
DA:128,0
DA:129,0
DA:130,0
DA:131,0
DA:132,0
DA:133,0
DA:134,0
DA:137,0
DA:146,0
DA:148,0
DA:150,0
DA:155,0
DA:156,0
DA:157,0
DA:159,0
DA:160,0
DA:161,0
DA:162,0
DA:163,0
DA:164,0
DA:170,0
DA:174,0
DA:176,0
DA:177,0
DA:179,0
DA:184,0
DA:185,0
DA:186,0
DA:191,0
DA:197,0
DA:203,0
DA:205,0
DA:210,0
DA:211,0
DA:229,0
DA:231,0
DA:235,0
DA:236,0
DA:238,0
DA:239,0
DA:241,0
DA:260,0
DA:262,0
DA:263,0
DA:264,0
DA:266,0
DA:302,0
DA:306,0
DA:307,0
DA:309,0
DA:310,0
DA:315,0
DA:316,0
DA:317,0
DA:318,0
DA:320,0
DA:321,0
DA:322,0
DA:338,0
DA:340,0
DA:342,0
DA:343,0
LF:114
LH:8
BRF:0
BRH:0
end_of_record
TN:
SF:src/map/weather.service.ts
FN:16,(anonymous_11)
FN:31,(anonymous_12)
FN:41,(anonymous_13)
FN:51,(anonymous_14)
FN:61,(anonymous_15)
FN:71,(anonymous_16)
FN:80,(anonymous_17)
FN:124,(anonymous_18)
FNF:8
FNH:0
FNDA:0,(anonymous_11)
FNDA:0,(anonymous_12)
FNDA:0,(anonymous_13)
FNDA:0,(anonymous_14)
FNDA:0,(anonymous_15)
FNDA:0,(anonymous_16)
FNDA:0,(anonymous_17)
FNDA:0,(anonymous_18)
DA:1,0
DA:2,0
DA:3,0
DA:4,0
DA:5,0
DA:6,0
DA:7,0
DA:15,0
DA:17,0
DA:19,0
DA:21,0
DA:32,0
DA:33,0
DA:42,0
DA:43,0
DA:52,0
DA:58,0
DA:62,0
DA:63,0
DA:72,0
DA:73,0
DA:81,0
DA:82,0
DA:84,0
DA:86,0
DA:87,0
DA:88,0
DA:90,0
DA:91,0
DA:92,0
DA:93,0
DA:95,0
DA:96,0
DA:97,0
DA:103,0
DA:105,0
DA:112,0
DA:115,0
DA:116,0
DA:120,0
DA:125,0
DA:126,0
DA:127,0
DA:128,0
DA:129,0
DA:131,0
DA:132,0
DA:133,0
DA:134,0
DA:136,0
DA:137,0
DA:138,0
DA:139,0
DA:141,0
DA:142,0
DA:149,0
DA:151,0
DA:158,0
DA:162,0
DA:165,0
LF:60
LH:0
BRDA:86,0,0,0
BRDA:86,0,1,0
BRDA:95,1,0,0
BRDA:95,1,1,0
BRDA:96,2,0,0
BRDA:96,2,1,0
BRDA:131,3,0,0
BRDA:131,3,1,0
BRDA:141,4,0,0
BRDA:141,4,1,0
BRF:10
BRH:0
end_of_record
TN:
SF:src/map/dto/locationInfo.dto.ts
FN:12,(anonymous_2)
FN:21,(anonymous_3)
FN:30,(anonymous_4)
FN:39,(anonymous_5)
FNF:4
FNH:0
FNDA:0,(anonymous_2)
FNDA:0,(anonymous_3)
FNDA:0,(anonymous_4)
FNDA:0,(anonymous_5)
DA:1,0
DA:2,0
DA:3,0
DA:5,0
DA:12,0
DA:13,0
DA:21,0
DA:22,0
DA:30,0
DA:31,0
DA:39,0
DA:40,0
LF:12
LH:0
BRF:0
BRH:0
end_of_record
TN:
SF:src/map/dto/observatory-to-create.dto.ts
FNF:0
FNH:0
DA:1,0
DA:3,0
DA:6,0
DA:10,0
DA:14,0
DA:18,0
LF:6
LH:0
BRF:0
BRH:0
end_of_record
TN:
SF:src/map/dto/observatory-to-update.dto.ts
FNF:0
FNH:0
DA:1,0
DA:2,0
DA:4,0
DA:7,0
DA:11,0
DA:15,0
DA:19,0
DA:23,0
LF:8
LH:0
BRF:0
BRH:0
end_of_record
TN:
SF:src/map/dto/proximateobservatory-to-find.dto.ts
FNF:0
FNH:0
DA:3,0
LF:1
LH:0
BRF:0
BRH:0
end_of_record
TN:
SF:src/map/dto/station.dto.ts
FNF:0
FNH:0
DA:1,0
DA:2,0
DA:4,0
DA:10,0
DA:17,0
DA:24,0
DA:31,0
LF:7
LH:0
BRF:0
BRH:0
end_of_record
TN:
SF:src/map/dto/weather-to-create.dto.ts
FNF:0
FNH:0
DA:1,0
DA:3,0
DA:6,0
DA:10,0
DA:14,0
DA:18,0
LF:6
LH:0
BRF:0
BRH:0
end_of_record
TN:
SF:src/map/dto/weather-to-update.dto.ts
FNF:0
FNH:0
DA:1,0
DA:2,0
DA:4,0
DA:7,0
DA:11,0
DA:15,0
DA:19,0
DA:23,0
LF:8
LH:0
BRF:0
BRH:0
end_of_record
TN:
SF:src/map/entities/average.entity.ts
FNF:0
FNH:0
DA:1,1
DA:10,1
DA:12,1
DA:15,1
DA:18,1
DA:21,1
DA:24,1
DA:27,1
DA:30,1
DA:33,1
DA:36,1
DA:39,1
DA:42,1
DA:45,1
DA:48,1
DA:51,1
DA:54,1
DA:57,1
DA:60,1
DA:63,1
LF:20
LH:20
BRF:0
BRH:0
end_of_record
TN:
SF:src/map/entities/city.entity.ts
FNF:0
FNH:0
DA:1,0
DA:4,0
DA:6,0
DA:9,0
DA:12,0
DA:15,0
DA:18,0
LF:7
LH:0
BRF:0
BRH:0
end_of_record
TN:
SF:src/map/entities/observatory.entity.ts
FN:31,(anonymous_3)
FN:31,(anonymous_4)
FNF:2
FNH:0
FNDA:0,(anonymous_3)
FNDA:0,(anonymous_4)
DA:1,1
DA:2,1
DA:5,1
DA:7,1
DA:10,1
DA:13,1
DA:21,1
DA:29,1
DA:31,0
DA:32,1
LF:10
LH:9
BRF:0
BRH:0
end_of_record
TN:
SF:src/map/entities/pollutions.entity.ts
FN:67,(anonymous_2)
FN:67,(anonymous_3)
FNF:2
FNH:0
FNDA:0,(anonymous_2)
FNDA:0,(anonymous_3)
DA:1,0
DA:9,0
DA:12,0
DA:14,0
DA:17,0
DA:20,0
DA:23,0
DA:26,0
DA:29,0
DA:32,0
DA:35,0
DA:38,0
DA:41,0
DA:44,0
DA:47,0
DA:50,0
DA:53,0
DA:56,0
DA:59,0
DA:62,0
DA:65,0
DA:67,0
DA:69,0
LF:23
LH:0
BRF:0
BRH:0
end_of_record
TN:
SF:src/map/entities/stations.entity.ts
FN:39,(anonymous_2)
FN:39,(anonymous_3)
FNF:2
FNH:0
FNDA:0,(anonymous_2)
FNDA:0,(anonymous_3)
DA:1,0
DA:9,0
DA:12,0
DA:14,0
DA:18,0
DA:21,0
DA:29,0
DA:37,0
DA:39,0
DA:42,0
LF:10
LH:0
BRF:0
BRH:0
end_of_record
TN:
SF:src/map/entities/weather.entity.ts
FN:27,(anonymous_2)
FN:27,(anonymous_3)
FNF:2
FNH:0
FNDA:0,(anonymous_2)
FNDA:0,(anonymous_3)
DA:1,1
DA:8,1
DA:11,1
DA:13,1
DA:16,1
DA:19,1
DA:22,1
DA:25,1
DA:27,0
DA:29,1
LF:10
LH:9
BRF:0
BRH:0
end_of_record
TN:
SF:src/map/type/grade-thresholds.type.ts
FNF:0
FNH:0
DA:3,0
LF:1
LH:0
BRF:0
BRH:0
end_of_record
TN:
SF:src/map/type/sido-name.type.ts
FNF:0
FNH:0
DA:1,0
LF:1
LH:0
BRF:0
BRH:0
end_of_record
TN:
SF:src/redis/redis-io-adapter.ts
FN:8,(anonymous_0)
FN:18,(anonymous_1)
FN:29,(anonymous_2)
FNF:3
FNH:0
FNDA:0,(anonymous_0)
FNDA:0,(anonymous_1)
FNDA:0,(anonymous_2)
DA:1,0
DA:3,0
DA:4,0
DA:5,0
DA:7,0
DA:9,0
DA:10,0
DA:12,0
DA:16,0
DA:19,0
DA:20,0
DA:22,0
DA:23,0
DA:25,0
DA:30,0
DA:39,0
DA:40,0
DA:42,0
DA:43,0
LF:19
LH:0
BRF:0
BRH:0
end_of_record
TN:
SF:src/redis/redis.controller.ts
FN:6,(anonymous_2)
FNF:1
FNH:0
FNDA:0,(anonymous_2)
DA:1,0
DA:2,0
DA:5,0
DA:6,0
LF:4
LH:0
BRF:0
BRH:0
end_of_record
TN:
SF:src/redis/redis.module.ts
FNF:0
FNH:0
DA:1,0
DA:2,0
DA:3,0
DA:9,0
LF:4
LH:0
BRF:0
BRH:0
end_of_record
TN:
SF:src/redis/redis.service.ts
FNF:0
FNH:0
DA:1,0
DA:4,0
LF:2
LH:0
BRF:0
BRH:0
end_of_record
TN:
SF:src/swagger/setupSwagger.ts
FN:4,setupSwagger
FNF:1
FNH:0
FNDA:0,setupSwagger
DA:2,0
DA:4,0
DA:5,0
DA:11,0
DA:26,0
DA:27,0
LF:6
LH:0
BRF:0
BRH:0
end_of_record
TN:
SF:src/user/user.controller.ts
FN:6,(anonymous_2)
FNF:1
FNH:0
FNDA:0,(anonymous_2)
DA:1,0
DA:2,0
DA:5,0
DA:6,0
LF:4
LH:0
BRF:0
BRH:0
end_of_record
TN:
SF:src/user/user.module.ts
FNF:0
FNH:0
DA:1,0
DA:2,0
DA:3,0
DA:4,0
DA:5,0
DA:6,0
DA:7,0
DA:15,0
LF:8
LH:0
BRF:0
BRH:0
end_of_record
TN:
SF:src/user/user.service.ts
FN:14,(anonymous_11)
FN:23,(anonymous_12)
FN:27,(anonymous_13)
FN:37,(anonymous_14)
FN:59,(anonymous_15)
FN:64,(anonymous_16)
FN:70,(anonymous_17)
FN:79,(anonymous_18)
FN:85,(anonymous_19)
FNF:9
FNH:0
FNDA:0,(anonymous_11)
FNDA:0,(anonymous_12)
FNDA:0,(anonymous_13)
FNDA:0,(anonymous_14)
FNDA:0,(anonymous_15)
FNDA:0,(anonymous_16)
FNDA:0,(anonymous_17)
FNDA:0,(anonymous_18)
FNDA:0,(anonymous_19)
DA:1,4
DA:3,4
DA:4,4
DA:5,4
DA:6,4
DA:8,4
DA:9,4
DA:13,4
DA:16,0
DA:18,0
DA:20,0
DA:24,0
DA:28,0
DA:29,0
DA:33,0
DA:38,0
DA:39,0
DA:40,0
DA:41,0
DA:42,0
DA:53,0
DA:55,0
DA:60,0
DA:61,0
DA:65,0
DA:66,0
DA:67,0
DA:71,0
DA:76,0
DA:80,0
DA:81,0
DA:85,0
DA:86,0
DA:87,0
DA:89,0
LF:35
LH:8
BRF:0
BRH:0
end_of_record
TN:
SF:src/user/entities/role.entity.ts
FN:12,(anonymous_3)
FN:12,(anonymous_4)
FNF:2
FNH:0
FNDA:0,(anonymous_3)
FNDA:0,(anonymous_4)
DA:1,4
DA:2,4
DA:5,4
DA:7,4
DA:10,4
DA:12,0
DA:13,4
LF:7
LH:6
BRF:0
BRH:0
end_of_record
TN:
SF:src/user/entities/user.entity.ts
FN:42,(anonymous_3)
FN:42,(anonymous_4)
FNF:2
FNH:0
FNDA:0,(anonymous_3)
FNDA:0,(anonymous_4)
DA:1,4
DA:8,4
DA:11,4
DA:13,4
DA:16,4
DA:19,4
DA:22,4
DA:25,4
DA:28,4
DA:31,4
DA:34,4
DA:37,4
DA:40,4
DA:42,0
DA:43,4
LF:15
LH:14
BRF:0
BRH:0
end_of_record
TN:
SF:src/user/entities/userRole.entity.ts
FN:22,(anonymous_3)
FN:22,(anonymous_4)
FN:26,(anonymous_5)
FN:26,(anonymous_6)
FNF:4
FNH:0
FNDA:0,(anonymous_3)
FNDA:0,(anonymous_4)
FNDA:0,(anonymous_5)
FNDA:0,(anonymous_6)
DA:1,4
DA:8,4
DA:9,4
DA:12,4
DA:14,4
DA:17,4
DA:20,4
DA:22,0
DA:24,4
DA:26,0
DA:28,4
LF:11
LH:9
BRF:0
BRH:0
end_of_record
TN:
SF:src/utils/user-info.decorator.ts
FN:4,(anonymous_0)
FNF:1
FNH:0
FNDA:0,(anonymous_0)
DA:1,0
DA:3,0
DA:5,0
DA:6,0
LF:4
LH:0
BRF:0
BRH:0
end_of_record
